#
# There is insufficient memory for the Java Runtime Environment to continue.
# Native memory allocation (mmap) failed to map 189792256 bytes for G1 virtual space
# Possible reasons:
#   The system is out of physical RAM or swap space
#   The process is running with CompressedOops enabled, and the Java Heap may be blocking the growth of the native heap
# Possible solutions:
#   Reduce memory load on the system
#   Increase physical memory or swap space
#   Check if swap backing store is full
#   Decrease Java heap size (-Xmx/-Xms)
#   Decrease number of Java threads
#   Decrease Java thread stack sizes (-Xss)
#   Set larger code cache with -XX:ReservedCodeCacheSize=
#   JVM is running with Unscaled Compressed Oops mode in which the Java heap is
#     placed in the first 4GB address space. The Java Heap base address is the
#     maximum limit for the native heap growth. Please use -XX:HeapBaseMinAddress
#     to set the Java Heap base and to place the Java Heap above 4GB virtual address.
# This output file may be truncated or incomplete.
#
#  Out of Memory Error (os_windows.cpp:3769), pid=4172, tid=7848
#
# JRE version: OpenJDK Runtime Environment (17.0.6) (build 17.0.6+0-b2043.56-10027231)
# Java VM: OpenJDK 64-Bit Server VM (17.0.6+0-b2043.56-10027231, mixed mode, tiered, compressed oops, compressed class ptrs, g1 gc, windows-amd64)
# No core dump will be written. Minidumps are not enabled by default on client versions of Windows
#

---------------  S U M M A R Y ------------

Command Line: --add-opens=java.base/java.util=ALL-UNNAMED --add-opens=java.base/java.lang=ALL-UNNAMED --add-opens=java.base/java.lang.invoke=ALL-UNNAMED --add-opens=java.prefs/java.util.prefs=ALL-UNNAMED --add-opens=java.base/java.nio.charset=ALL-UNNAMED --add-opens=java.base/java.net=ALL-UNNAMED --add-opens=java.base/java.util.concurrent.atomic=ALL-UNNAMED -Xmx2048m -Dfile.encoding=UTF-8 -Duser.country=RU -Duser.language=ru -Duser.variant org.gradle.launcher.daemon.bootstrap.GradleDaemon 8.0

Host: AMD Ryzen 5 3500U with Radeon Vega Mobile Gfx  , 8 cores, 6G,  Windows 11 , 64 bit Build 22621 (10.0.22621.1105)
Time: Mon Nov  6 20:25:59 2023 RTZ 7 (s 11 , 64 bit Build 22621 (10.0.22621.1105) elapsed time: 4285.305869 seconds (0d 1h 11m 25s)

---------------  T H R E A D  ---------------

Current thread (0x000001e9bf603010):  VMThread "VM Thread" [stack: 0x000000aa01b00000,0x000000aa01c00000] [id=7848]

Stack: [0x000000aa01b00000,0x000000aa01c00000]
Native frames: (J=compiled Java code, j=interpreted, Vv=VM code, C=native code)
V  [jvm.dll+0x683c9a]
V  [jvm.dll+0x8427a4]
V  [jvm.dll+0x843f9e]
V  [jvm.dll+0x844603]
V  [jvm.dll+0x249b75]
V  [jvm.dll+0x680b69]
V  [jvm.dll+0x67505a]
V  [jvm.dll+0x309acb]
V  [jvm.dll+0x310f86]
V  [jvm.dll+0x3608ee]
V  [jvm.dll+0x360b1f]
V  [jvm.dll+0x2dfbf8]
V  [jvm.dll+0x2ddec4]
V  [jvm.dll+0x2dd4cc]
V  [jvm.dll+0x321f3b]
V  [jvm.dll+0x848ccb]
V  [jvm.dll+0x849a04]
V  [jvm.dll+0x849f1d]
V  [jvm.dll+0x84a2f4]
V  [jvm.dll+0x84a3c0]
V  [jvm.dll+0x7f274a]
V  [jvm.dll+0x682ad5]
C  [ucrtbase.dll+0x29363]
C  [KERNEL32.DLL+0x126bd]
C  [ntdll.dll+0x5dfb8]

VM_Operation (0x000000aa031f6c30): G1CollectForAllocation, mode: safepoint, requested by thread 0x000001e9c5ad1270


---------------  P R O C E S S  ---------------

Threads class SMR info:
_java_thread_list=0x000001e9cb76bb50, length=50, elements={
0x000001e9a3807f70, 0x000001e9c0013260, 0x000001e9bf5ea810, 0x000001e9bf629cb0,
0x000001e9bf62c280, 0x000001e9bf62c840, 0x000001e9bf62d5a0, 0x000001e9bf62e630,
0x000001e9bf629490, 0x000001e9c0041f60, 0x000001e9c01e0750, 0x000001e9c01e1020,
0x000001e9c25965c0, 0x000001e9c19575a0, 0x000001e9c256f020, 0x000001e9c2637560,
0x000001e9c26366f0, 0x000001e9c2637a30, 0x000001e9c2637090, 0x000001e9c2634070,
0x000001e9c2636220, 0x000001e9c2635d50, 0x000001e9c26353b0, 0x000001e9c2635880,
0x000001e9c54000d0, 0x000001e9c5407450, 0x000001e9c54005a0, 0x000001e9c5402280,
0x000001e9c589f190, 0x000001e9c589fb30, 0x000001e9c58a1ce0, 0x000001e9c589f660,
0x000001e9c9d0c390, 0x000001e9c39c5b60, 0x000001e9c39c3e80, 0x000001e9c7fecd10,
0x000001e9c39c6030, 0x000001e9c39c4820, 0x000001e9c5ad1270, 0x000001e9c58a21b0,
0x000001e9c589cfe0, 0x000001e9c58a3020, 0x000001e9c589d980, 0x000001e9c589de50,
0x000001e9cb421ed0, 0x000001e9c58a34f0, 0x000001e9c589d4b0, 0x000001e9c58a04d0,
0x000001e9c7feb500, 0x000001e9ce8bf570
}

Java Threads: ( => current thread )
  0x000001e9a3807f70 JavaThread "main" [_thread_blocked, id=5592, stack(0x000000aa01500000,0x000000aa01600000)]
  0x000001e9c0013260 JavaThread "Reference Handler" daemon [_thread_blocked, id=5948, stack(0x000000aa01c00000,0x000000aa01d00000)]
  0x000001e9bf5ea810 JavaThread "Finalizer" daemon [_thread_blocked, id=8644, stack(0x000000aa01d00000,0x000000aa01e00000)]
  0x000001e9bf629cb0 JavaThread "Signal Dispatcher" daemon [_thread_blocked, id=2208, stack(0x000000aa01e00000,0x000000aa01f00000)]
  0x000001e9bf62c280 JavaThread "Attach Listener" daemon [_thread_blocked, id=5056, stack(0x000000aa01f00000,0x000000aa02000000)]
  0x000001e9bf62c840 JavaThread "Service Thread" daemon [_thread_blocked, id=14480, stack(0x000000aa02000000,0x000000aa02100000)]
  0x000001e9bf62d5a0 JavaThread "Monitor Deflation Thread" daemon [_thread_blocked, id=13588, stack(0x000000aa02100000,0x000000aa02200000)]
  0x000001e9bf62e630 JavaThread "C2 CompilerThread0" daemon [_thread_in_native, id=8108, stack(0x000000aa02200000,0x000000aa02300000)]
  0x000001e9bf629490 JavaThread "C1 CompilerThread0" daemon [_thread_blocked, id=11948, stack(0x000000aa02300000,0x000000aa02400000)]
  0x000001e9c0041f60 JavaThread "Sweeper thread" daemon [_thread_blocked, id=9108, stack(0x000000aa02400000,0x000000aa02500000)]
  0x000001e9c01e0750 JavaThread "Common-Cleaner" daemon [_thread_blocked, id=9832, stack(0x000000aa02500000,0x000000aa02600000)]
  0x000001e9c01e1020 JavaThread "Notification Thread" daemon [_thread_blocked, id=2160, stack(0x000000aa02600000,0x000000aa02700000)]
  0x000001e9c25965c0 JavaThread "Daemon health stats" [_thread_blocked, id=10608, stack(0x000000aa02e00000,0x000000aa02f00000)]
  0x000001e9c19575a0 JavaThread "Incoming local TCP Connector on port 50263" [_thread_in_native, id=15256, stack(0x000000aa02d00000,0x000000aa02e00000)]
  0x000001e9c256f020 JavaThread "Daemon periodic checks" [_thread_blocked, id=1760, stack(0x000000aa02f00000,0x000000aa03000000)]
  0x000001e9c2637560 JavaThread "Cache worker for journal cache (C:\Users\ivano\.gradle\caches\journal-1)" [_thread_blocked, id=14172, stack(0x000000aa03a00000,0x000000aa03b00000)]
  0x000001e9c26366f0 JavaThread "File lock request listener" [_thread_in_native, id=11628, stack(0x000000aa03b00000,0x000000aa03c00000)]
  0x000001e9c2637a30 JavaThread "Cache worker for file hash cache (C:\Users\ivano\.gradle\caches\8.0\fileHashes)" [_thread_blocked, id=3692, stack(0x000000aa03c00000,0x000000aa03d00000)]
  0x000001e9c2637090 JavaThread "File watcher server" daemon [_thread_blocked, id=7268, stack(0x000000aa03f00000,0x000000aa04000000)]
  0x000001e9c2634070 JavaThread "File watcher consumer" daemon [_thread_blocked, id=8252, stack(0x000000aa04000000,0x000000aa04100000)]
  0x000001e9c2636220 JavaThread "Cache worker for file content cache (C:\Users\ivano\.gradle\caches\8.0\fileContent)" [_thread_blocked, id=5588, stack(0x000000aa04300000,0x000000aa04400000)]
  0x000001e9c2635d50 JavaThread "Cache worker for execution history cache (C:\Users\ivano\.gradle\caches\8.0\executionHistory)" [_thread_blocked, id=13508, stack(0x000000aa04500000,0x000000aa04600000)]
  0x000001e9c26353b0 JavaThread "jar transforms" [_thread_blocked, id=15248, stack(0x000000aa03d00000,0x000000aa03e00000)]
  0x000001e9c2635880 JavaThread "jar transforms Thread 2" [_thread_blocked, id=6572, stack(0x000000aa04800000,0x000000aa04900000)]
  0x000001e9c54000d0 JavaThread "Cache worker for kotlin-dsl (C:\Users\ivano\.gradle\caches\8.0\kotlin-dsl)" [_thread_blocked, id=13884, stack(0x000000aa04900000,0x000000aa04a00000)]
  0x000001e9c5407450 JavaThread "jar transforms Thread 3" [_thread_blocked, id=12528, stack(0x000000aa04a00000,0x000000aa04b00000)]
  0x000001e9c54005a0 JavaThread "jar transforms Thread 4" [_thread_blocked, id=13856, stack(0x000000aa04b00000,0x000000aa04c00000)]
  0x000001e9c5402280 JavaThread "jar transforms Thread 5" [_thread_blocked, id=15096, stack(0x000000aa04e00000,0x000000aa04f00000)]
  0x000001e9c589f190 JavaThread "jar transforms Thread 6" [_thread_blocked, id=14984, stack(0x000000aa09f00000,0x000000aa0a000000)]
  0x000001e9c589fb30 JavaThread "jar transforms Thread 7" [_thread_blocked, id=15044, stack(0x000000aa0a000000,0x000000aa0a100000)]
  0x000001e9c58a1ce0 JavaThread "jar transforms Thread 8" [_thread_blocked, id=5916, stack(0x000000aa0a100000,0x000000aa0a200000)]
  0x000001e9c589f660 JavaThread "Memory manager" [_thread_blocked, id=9212, stack(0x000000aa0a300000,0x000000aa0a400000)]
  0x000001e9c9d0c390 JavaThread "pool-3-thread-1" [_thread_blocked, id=8460, stack(0x000000aa0a400000,0x000000aa0a500000)]
  0x000001e9c39c5b60 JavaThread "pool-7-thread-1" [_thread_blocked, id=13248, stack(0x000000aa09e00000,0x000000aa09f00000)]
  0x000001e9c39c3e80 JavaThread "Cache worker for Java compile cache (C:\Users\ivano\.gradle\caches\8.0\javaCompile)" [_thread_blocked, id=5628, stack(0x000000aa0be00000,0x000000aa0bf00000)]
  0x000001e9c7fecd10 JavaThread "Daemon Thread 3" [_thread_blocked, id=11068, stack(0x000000aa01300000,0x000000aa01400000)]
  0x000001e9c39c6030 JavaThread "Handler for socket connection from /127.0.0.1:50263 to /127.0.0.1:50737" [_thread_in_native, id=12808, stack(0x000000aa01400000,0x000000aa01500000)]
  0x000001e9c39c4820 JavaThread "Cancel handler" [_thread_blocked, id=9756, stack(0x000000aa03000000,0x000000aa03100000)]
  0x000001e9c5ad1270 JavaThread "Daemon worker Thread 3" [_thread_blocked, id=1884, stack(0x000000aa03100000,0x000000aa03200000)]
  0x000001e9c58a21b0 JavaThread "Asynchronous log dispatcher for DefaultDaemonConnection: socket connection from /127.0.0.1:50263 to /127.0.0.1:50737" [_thread_blocked, id=3224, stack(0x000000aa03200000,0x000000aa03300000)]
  0x000001e9c589cfe0 JavaThread "Stdin handler" [_thread_blocked, id=4688, stack(0x000000aa03300000,0x000000aa03400000)]
  0x000001e9c58a3020 JavaThread "Daemon client event forwarder" [_thread_blocked, id=6140, stack(0x000000aa03400000,0x000000aa03500000)]
  0x000001e9c589d980 JavaThread "Cache worker for checksums cache (C:\Users\ivano\AndroidStudioProjects\NewCursovaya\.gradle\8.0\checksums)" [_thread_blocked, id=5860, stack(0x000000aa03500000,0x000000aa03600000)]
  0x000001e9c589de50 JavaThread "Cache worker for cache directory md-rule (C:\Users\ivano\.gradle\caches\8.0\md-rule)" [_thread_blocked, id=9876, stack(0x000000aa03600000,0x000000aa03700000)]
  0x000001e9cb421ed0 JavaThread "C2 CompilerThread1" daemon [_thread_blocked, id=15032, stack(0x000000aa03e00000,0x000000aa03f00000)]
  0x000001e9c58a34f0 JavaThread "Cache worker for file hash cache (C:\Users\ivano\AndroidStudioProjects\NewCursovaya\.gradle\8.0\fileHashes)" [_thread_blocked, id=10824, stack(0x000000aa04100000,0x000000aa04200000)]
  0x000001e9c589d4b0 JavaThread "Cache worker for cache directory md-supplier (C:\Users\ivano\.gradle\caches\8.0\md-supplier)" [_thread_blocked, id=15100, stack(0x000000aa04200000,0x000000aa04300000)]
  0x000001e9c58a04d0 JavaThread "Cache worker for dependencies-accessors (C:\Users\ivano\AndroidStudioProjects\NewCursovaya\.gradle\8.0\dependencies-accessors)" [_thread_blocked, id=13228, stack(0x000000aa04400000,0x000000aa04500000)]
  0x000001e9c7feb500 JavaThread "Cache worker for Build Output Cleanup Cache (C:\Users\ivano\AndroidStudioProjects\NewCursovaya\.gradle\buildOutputCleanup)" [_thread_blocked, id=14080, stack(0x000000aa04600000,0x000000aa04700000)]
  0x000001e9ce8bf570 JavaThread "C2 CompilerThread2" daemon [_thread_blocked, id=6700, stack(0x000000aa04700000,0x000000aa04800000)]

Other Threads:
=>0x000001e9bf603010 VMThread "VM Thread" [stack: 0x000000aa01b00000,0x000000aa01c00000] [id=7848]
  0x000001e9a387dde0 WatcherThread [stack: 0x000000aa02700000,0x000000aa02800000] [id=10708]
  0x000001e9a3863b00 GCTaskThread "GC Thread#0" [stack: 0x000000aa01600000,0x000000aa01700000] [id=6160]
  0x000001e9c0e80fc0 GCTaskThread "GC Thread#1" [stack: 0x000000aa02a00000,0x000000aa02b00000] [id=15148]
  0x000001e9c118b410 GCTaskThread "GC Thread#2" [stack: 0x000000aa02b00000,0x000000aa02c00000] [id=8104]
  0x000001e9c0479fb0 GCTaskThread "GC Thread#3" [stack: 0x000000aa02c00000,0x000000aa02d00000] [id=2464]
  0x000001e9c193aec0 GCTaskThread "GC Thread#4" [stack: 0x000000aa02900000,0x000000aa02a00000] [id=12448]
  0x000001e9c2560ba0 GCTaskThread "GC Thread#5" [stack: 0x000000aa02800000,0x000000aa02900000] [id=4232]
  0x000001e9c2711030 GCTaskThread "GC Thread#6" [stack: 0x000000aa03700000,0x000000aa03800000] [id=4080]
  0x000001e9c27112e0 GCTaskThread "GC Thread#7" [stack: 0x000000aa03800000,0x000000aa03900000] [id=14540]
  0x000001e9a3874ba0 ConcurrentGCThread "G1 Main Marker" [stack: 0x000000aa01700000,0x000000aa01800000] [id=9680]
  0x000001e9a38755b0 ConcurrentGCThread "G1 Conc#0" [stack: 0x000000aa01800000,0x000000aa01900000] [id=13616]
  0x000001e9c2f91aa0 ConcurrentGCThread "G1 Conc#1" [stack: 0x000000aa03900000,0x000000aa03a00000] [id=14052]
  0x000001e9a38cc680 ConcurrentGCThread "G1 Refine#0" [stack: 0x000000aa01900000,0x000000aa01a00000] [id=4308]
  0x000001e9c3077620 ConcurrentGCThread "G1 Refine#1" [stack: 0x000000aa0af00000,0x000000aa0b000000] [id=10808]
  0x000001e9c307a140 ConcurrentGCThread "G1 Refine#2" [stack: 0x000000aa0b000000,0x000000aa0b100000] [id=2532]
  0x000001e9c3077900 ConcurrentGCThread "G1 Refine#3" [stack: 0x000000aa0b100000,0x000000aa0b200000] [id=9952]
  0x000001e9c30781a0 ConcurrentGCThread "G1 Refine#4" [stack: 0x000000aa0b200000,0x000000aa0b300000] [id=4980]
  0x000001e9a38ceb60 ConcurrentGCThread "G1 Service" [stack: 0x000000aa01a00000,0x000000aa01b00000] [id=14716]

Threads with active compile tasks:
C2 CompilerThread0  4285345 21717       4       org.gradle.internal.service.DefaultServiceRegistry$ClassInspector::getDetailsForClass (50 bytes)
C2 CompilerThread1  4285345 21752   !   4       org.gradle.internal.service.DefaultServiceRegistry$ManagedObjectServiceProvider::getInstance (47 bytes)
C2 CompilerThread2  4285345 21751       4       org.gradle.internal.service.DefaultServiceRegistry$SingletonService::get (5 bytes)

VM state: at safepoint (normal execution)

VM Mutex/Monitor currently owned by a thread:  ([mutex/lock_event])
[0x000001e9a3804550] Threads_lock - owner thread: 0x000001e9bf603010
[0x000001e9a3803230] Heap_lock - owner thread: 0x000001e9c5ad1270

Heap address: 0x0000000080000000, size: 2048 MB, Compressed Oops mode: 32-bit

CDS archive(s) not mapped
Compressed class space mapped at: 0x0000000100000000-0x0000000140000000, reserved size: 1073741824
Narrow klass base: 0x0000000000000000, Narrow klass shift: 3, Narrow klass range: 0x140000000

GC Precious Log:
 CPUs: 8 total, 8 available
 Memory: 7103M
 Large Page Support: Disabled
 NUMA Support: Disabled
 Compressed Oops: Enabled (32-bit)
 Heap Region Size: 1M
 Heap Min Capacity: 8M
 Heap Initial Capacity: 112M
 Heap Max Capacity: 2G
 Pre-touch: Disabled
 Parallel Workers: 8
 Concurrent Workers: 2
 Concurrent Refinement Workers: 8
 Periodic GC: Disabled

Heap:
 garbage-first heap   total 275456K, used 124160K [0x0000000080000000, 0x0000000100000000)
  region size 1024K, 3 young (3072K), 3 survivors (3072K)
 Metaspace       used 145135K, committed 145984K, reserved 1179648K
  class space    used 19515K, committed 19904K, reserved 1048576K

Heap Regions: E=young(eden), S=young(survivor), O=old, HS=humongous(starts), HC=humongous(continues), CS=collection set, F=free, OA=open archive, CA=closed archive, TAMS=top-at-mark-start (previous, next)
|   0|0x0000000080000000, 0x0000000080100000, 0x0000000080100000|100%|HS|  |TAMS 0x0000000080100000, 0x0000000080100000| Complete 
|   1|0x0000000080100000, 0x0000000080200000, 0x0000000080200000|100%|HC|  |TAMS 0x0000000080200000, 0x0000000080200000| Complete 
|   2|0x0000000080200000, 0x0000000080300000, 0x0000000080300000|100%|HC|  |TAMS 0x0000000080300000, 0x0000000080300000| Complete 
|   3|0x0000000080300000, 0x0000000080400000, 0x0000000080400000|100%|HC|  |TAMS 0x0000000080400000, 0x0000000080400000| Complete 
|   4|0x0000000080400000, 0x0000000080500000, 0x0000000080500000|100%| O|  |TAMS 0x0000000080500000, 0x0000000080500000| Untracked 
|   5|0x0000000080500000, 0x0000000080600000, 0x0000000080600000|100%| O|  |TAMS 0x0000000080600000, 0x0000000080600000| Untracked 
|   6|0x0000000080600000, 0x0000000080700000, 0x0000000080700000|100%| O|  |TAMS 0x0000000080700000, 0x0000000080700000| Untracked 
|   7|0x0000000080700000, 0x0000000080800000, 0x0000000080800000|100%| O|  |TAMS 0x0000000080800000, 0x0000000080800000| Untracked 
|   8|0x0000000080800000, 0x0000000080900000, 0x0000000080900000|100%| O|  |TAMS 0x0000000080900000, 0x0000000080900000| Untracked 
|   9|0x0000000080900000, 0x0000000080a00000, 0x0000000080a00000|100%| O|  |TAMS 0x0000000080a00000, 0x0000000080a00000| Untracked 
|  10|0x0000000080a00000, 0x0000000080b00000, 0x0000000080b00000|100%| O|  |TAMS 0x0000000080b00000, 0x0000000080b00000| Untracked 
|  11|0x0000000080b00000, 0x0000000080c00000, 0x0000000080c00000|100%| O|  |TAMS 0x0000000080c00000, 0x0000000080c00000| Untracked 
|  12|0x0000000080c00000, 0x0000000080d00000, 0x0000000080d00000|100%| O|  |TAMS 0x0000000080d00000, 0x0000000080d00000| Untracked 
|  13|0x0000000080d00000, 0x0000000080d00000, 0x0000000080e00000|  0%| F|  |TAMS 0x0000000080d00000, 0x0000000080d00000| Untracked 
|  14|0x0000000080e00000, 0x0000000080f00000, 0x0000000080f00000|100%| O|  |TAMS 0x0000000080f00000, 0x0000000080f00000| Untracked 
|  15|0x0000000080f00000, 0x0000000081000000, 0x0000000081000000|100%| O|  |TAMS 0x0000000081000000, 0x0000000081000000| Untracked 
|  16|0x0000000081000000, 0x0000000081100000, 0x0000000081100000|100%| O|  |TAMS 0x0000000081100000, 0x0000000081100000| Untracked 
|  17|0x0000000081100000, 0x0000000081200000, 0x0000000081200000|100%| O|  |TAMS 0x0000000081200000, 0x0000000081200000| Untracked 
|  18|0x0000000081200000, 0x0000000081300000, 0x0000000081300000|100%| O|  |TAMS 0x0000000081300000, 0x0000000081300000| Untracked 
|  19|0x0000000081300000, 0x0000000081400000, 0x0000000081400000|100%| O|  |TAMS 0x0000000081400000, 0x0000000081400000| Untracked 
|  20|0x0000000081400000, 0x0000000081500000, 0x0000000081500000|100%| O|  |TAMS 0x0000000081500000, 0x0000000081500000| Untracked 
|  21|0x0000000081500000, 0x0000000081600000, 0x0000000081600000|100%| O|  |TAMS 0x0000000081600000, 0x0000000081600000| Untracked 
|  22|0x0000000081600000, 0x0000000081600000, 0x0000000081700000|  0%| F|  |TAMS 0x0000000081600000, 0x0000000081600000| Untracked 
|  23|0x0000000081700000, 0x0000000081800000, 0x0000000081800000|100%| O|  |TAMS 0x0000000081800000, 0x0000000081800000| Untracked 
|  24|0x0000000081800000, 0x0000000081900000, 0x0000000081900000|100%| O|  |TAMS 0x0000000081900000, 0x0000000081900000| Untracked 
|  25|0x0000000081900000, 0x0000000081900000, 0x0000000081a00000|  0%| F|  |TAMS 0x0000000081900000, 0x0000000081900000| Untracked 
|  26|0x0000000081a00000, 0x0000000081b00000, 0x0000000081b00000|100%| O|  |TAMS 0x0000000081b00000, 0x0000000081b00000| Untracked 
|  27|0x0000000081b00000, 0x0000000081b00000, 0x0000000081c00000|  0%| F|  |TAMS 0x0000000081b00000, 0x0000000081b00000| Untracked 
|  28|0x0000000081c00000, 0x0000000081d00000, 0x0000000081d00000|100%| O|  |TAMS 0x0000000081d00000, 0x0000000081d00000| Untracked 
|  29|0x0000000081d00000, 0x0000000081e00000, 0x0000000081e00000|100%| O|  |TAMS 0x0000000081e00000, 0x0000000081e00000| Untracked 
|  30|0x0000000081e00000, 0x0000000081f00000, 0x0000000081f00000|100%| O|  |TAMS 0x0000000081f00000, 0x0000000081f00000| Untracked 
|  31|0x0000000081f00000, 0x0000000082000000, 0x0000000082000000|100%| O|  |TAMS 0x0000000082000000, 0x0000000082000000| Untracked 
|  32|0x0000000082000000, 0x0000000082100000, 0x0000000082100000|100%| O|  |TAMS 0x0000000082100000, 0x0000000082100000| Untracked 
|  33|0x0000000082100000, 0x0000000082200000, 0x0000000082200000|100%| O|  |TAMS 0x0000000082200000, 0x0000000082200000| Untracked 
|  34|0x0000000082200000, 0x0000000082300000, 0x0000000082300000|100%| O|  |TAMS 0x0000000082300000, 0x0000000082300000| Untracked 
|  35|0x0000000082300000, 0x0000000082400000, 0x0000000082400000|100%|HS|  |TAMS 0x0000000082400000, 0x0000000082400000| Complete 
|  36|0x0000000082400000, 0x0000000082500000, 0x0000000082500000|100%|HS|  |TAMS 0x0000000082500000, 0x0000000082500000| Complete 
|  37|0x0000000082500000, 0x0000000082600000, 0x0000000082600000|100%| O|  |TAMS 0x0000000082600000, 0x0000000082600000| Untracked 
|  38|0x0000000082600000, 0x0000000082600000, 0x0000000082700000|  0%| F|  |TAMS 0x0000000082600000, 0x0000000082600000| Untracked 
|  39|0x0000000082700000, 0x0000000082800000, 0x0000000082800000|100%|HS|  |TAMS 0x0000000082800000, 0x0000000082800000| Complete 
|  40|0x0000000082800000, 0x0000000082900000, 0x0000000082900000|100%| O|  |TAMS 0x0000000082900000, 0x0000000082900000| Untracked 
|  41|0x0000000082900000, 0x0000000082a00000, 0x0000000082a00000|100%| O|  |TAMS 0x0000000082a00000, 0x0000000082a00000| Untracked 
|  42|0x0000000082a00000, 0x0000000082b00000, 0x0000000082b00000|100%| O|  |TAMS 0x0000000082b00000, 0x0000000082b00000| Untracked 
|  43|0x0000000082b00000, 0x0000000082c00000, 0x0000000082c00000|100%| O|  |TAMS 0x0000000082c00000, 0x0000000082c00000| Untracked 
|  44|0x0000000082c00000, 0x0000000082d00000, 0x0000000082d00000|100%| O|  |TAMS 0x0000000082d00000, 0x0000000082d00000| Untracked 
|  45|0x0000000082d00000, 0x0000000082e00000, 0x0000000082e00000|100%| O|  |TAMS 0x0000000082e00000, 0x0000000082e00000| Untracked 
|  46|0x0000000082e00000, 0x0000000082f00000, 0x0000000082f00000|100%| O|  |TAMS 0x0000000082f00000, 0x0000000082f00000| Untracked 
|  47|0x0000000082f00000, 0x0000000082f00000, 0x0000000083000000|  0%| F|  |TAMS 0x0000000082f00000, 0x0000000082f00000| Untracked 
|  48|0x0000000083000000, 0x0000000083000000, 0x0000000083100000|  0%| F|  |TAMS 0x0000000083000000, 0x0000000083000000| Untracked 
|  49|0x0000000083100000, 0x0000000083200000, 0x0000000083200000|100%| O|  |TAMS 0x0000000083100000, 0x0000000083200000| Untracked 
|  50|0x0000000083200000, 0x0000000083200000, 0x0000000083300000|  0%| F|  |TAMS 0x0000000083200000, 0x0000000083200000| Untracked 
|  51|0x0000000083300000, 0x0000000083400000, 0x0000000083400000|100%| O|  |TAMS 0x0000000083400000, 0x0000000083400000| Untracked 
|  52|0x0000000083400000, 0x0000000083500000, 0x0000000083500000|100%| O|  |TAMS 0x0000000083500000, 0x0000000083500000| Untracked 
|  53|0x0000000083500000, 0x0000000083600000, 0x0000000083600000|100%| O|  |TAMS 0x0000000083600000, 0x0000000083600000| Untracked 
|  54|0x0000000083600000, 0x0000000083700000, 0x0000000083700000|100%| O|  |TAMS 0x0000000083700000, 0x0000000083700000| Untracked 
|  55|0x0000000083700000, 0x0000000083800000, 0x0000000083800000|100%| O|  |TAMS 0x0000000083800000, 0x0000000083800000| Untracked 
|  56|0x0000000083800000, 0x0000000083800000, 0x0000000083900000|  0%| F|  |TAMS 0x0000000083800000, 0x0000000083800000| Untracked 
|  57|0x0000000083900000, 0x0000000083a00000, 0x0000000083a00000|100%| O|  |TAMS 0x0000000083a00000, 0x0000000083a00000| Untracked 
|  58|0x0000000083a00000, 0x0000000083b00000, 0x0000000083b00000|100%| O|  |TAMS 0x0000000083b00000, 0x0000000083b00000| Untracked 
|  59|0x0000000083b00000, 0x0000000083c00000, 0x0000000083c00000|100%| O|  |TAMS 0x0000000083b00000, 0x0000000083c00000| Untracked 
|  60|0x0000000083c00000, 0x0000000083d00000, 0x0000000083d00000|100%| O|  |TAMS 0x0000000083d00000, 0x0000000083d00000| Untracked 
|  61|0x0000000083d00000, 0x0000000083e00000, 0x0000000083e00000|100%| O|  |TAMS 0x0000000083e00000, 0x0000000083e00000| Untracked 
|  62|0x0000000083e00000, 0x0000000083e00000, 0x0000000083f00000|  0%| F|  |TAMS 0x0000000083e00000, 0x0000000083e00000| Untracked 
|  63|0x0000000083f00000, 0x0000000083f00000, 0x0000000084000000|  0%| F|  |TAMS 0x0000000083f00000, 0x0000000083f00000| Untracked 
|  64|0x0000000084000000, 0x0000000084100000, 0x0000000084100000|100%| O|  |TAMS 0x0000000084100000, 0x0000000084100000| Untracked 
|  65|0x0000000084100000, 0x0000000084200000, 0x0000000084200000|100%| O|  |TAMS 0x0000000084200000, 0x0000000084200000| Untracked 
|  66|0x0000000084200000, 0x0000000084300000, 0x0000000084300000|100%| O|  |TAMS 0x0000000084300000, 0x0000000084300000| Untracked 
|  67|0x0000000084300000, 0x0000000084400000, 0x0000000084400000|100%| O|  |TAMS 0x0000000084400000, 0x0000000084400000| Untracked 
|  68|0x0000000084400000, 0x0000000084500000, 0x0000000084500000|100%| O|  |TAMS 0x0000000084500000, 0x0000000084500000| Untracked 
|  69|0x0000000084500000, 0x0000000084600000, 0x0000000084600000|100%| O|  |TAMS 0x0000000084600000, 0x0000000084600000| Untracked 
|  70|0x0000000084600000, 0x0000000084700000, 0x0000000084700000|100%| O|  |TAMS 0x0000000084700000, 0x0000000084700000| Untracked 
|  71|0x0000000084700000, 0x0000000084800000, 0x0000000084800000|100%| O|  |TAMS 0x0000000084800000, 0x0000000084800000| Untracked 
|  72|0x0000000084800000, 0x0000000084800000, 0x0000000084900000|  0%| F|  |TAMS 0x0000000084800000, 0x0000000084800000| Untracked 
|  73|0x0000000084900000, 0x0000000084900000, 0x0000000084a00000|  0%| F|  |TAMS 0x0000000084900000, 0x0000000084900000| Untracked 
|  74|0x0000000084a00000, 0x0000000084b00000, 0x0000000084b00000|100%| O|  |TAMS 0x0000000084b00000, 0x0000000084b00000| Untracked 
|  75|0x0000000084b00000, 0x0000000084c00000, 0x0000000084c00000|100%| O|  |TAMS 0x0000000084c00000, 0x0000000084c00000| Untracked 
|  76|0x0000000084c00000, 0x0000000084d00000, 0x0000000084d00000|100%| O|  |TAMS 0x0000000084d00000, 0x0000000084d00000| Untracked 
|  77|0x0000000084d00000, 0x0000000084d00000, 0x0000000084e00000|  0%| F|  |TAMS 0x0000000084d00000, 0x0000000084d00000| Untracked 
|  78|0x0000000084e00000, 0x0000000084e00000, 0x0000000084f00000|  0%| F|  |TAMS 0x0000000084e00000, 0x0000000084e00000| Untracked 
|  79|0x0000000084f00000, 0x0000000084f00000, 0x0000000085000000|  0%| F|  |TAMS 0x0000000084f00000, 0x0000000084f00000| Untracked 
|  80|0x0000000085000000, 0x0000000085000000, 0x0000000085100000|  0%| F|  |TAMS 0x0000000085000000, 0x0000000085000000| Untracked 
|  81|0x0000000085100000, 0x0000000085200000, 0x0000000085200000|100%| O|  |TAMS 0x0000000085200000, 0x0000000085200000| Untracked 
|  82|0x0000000085200000, 0x0000000085200000, 0x0000000085300000|  0%| F|  |TAMS 0x0000000085200000, 0x0000000085200000| Untracked 
|  83|0x0000000085300000, 0x0000000085400000, 0x0000000085400000|100%| O|  |TAMS 0x0000000085300000, 0x0000000085400000| Untracked 
|  84|0x0000000085400000, 0x0000000085500000, 0x0000000085500000|100%| O|  |TAMS 0x0000000085400000, 0x0000000085500000| Untracked 
|  85|0x0000000085500000, 0x0000000085600000, 0x0000000085600000|100%| O|  |TAMS 0x0000000085600000, 0x0000000085600000| Untracked 
|  86|0x0000000085600000, 0x0000000085700000, 0x0000000085700000|100%| O|  |TAMS 0x0000000085700000, 0x0000000085700000| Untracked 
|  87|0x0000000085700000, 0x0000000085800000, 0x0000000085800000|100%| O|  |TAMS 0x0000000085800000, 0x0000000085800000| Untracked 
|  88|0x0000000085800000, 0x0000000085900000, 0x0000000085900000|100%| O|  |TAMS 0x0000000085900000, 0x0000000085900000| Untracked 
|  89|0x0000000085900000, 0x0000000085a00000, 0x0000000085a00000|100%| O|  |TAMS 0x0000000085a00000, 0x0000000085a00000| Untracked 
|  90|0x0000000085a00000, 0x0000000085b00000, 0x0000000085b00000|100%| O|  |TAMS 0x0000000085b00000, 0x0000000085b00000| Untracked 
|  91|0x0000000085b00000, 0x0000000085c00000, 0x0000000085c00000|100%| O|  |TAMS 0x0000000085c00000, 0x0000000085c00000| Untracked 
|  92|0x0000000085c00000, 0x0000000085c00000, 0x0000000085d00000|  0%| F|  |TAMS 0x0000000085c00000, 0x0000000085c00000| Untracked 
|  93|0x0000000085d00000, 0x0000000085e00000, 0x0000000085e00000|100%| O|  |TAMS 0x0000000085e00000, 0x0000000085e00000| Untracked 
|  94|0x0000000085e00000, 0x0000000085f00000, 0x0000000085f00000|100%| O|  |TAMS 0x0000000085f00000, 0x0000000085f00000| Untracked 
|  95|0x0000000085f00000, 0x0000000086000000, 0x0000000086000000|100%| O|  |TAMS 0x0000000086000000, 0x0000000086000000| Untracked 
|  96|0x0000000086000000, 0x0000000086000000, 0x0000000086100000|  0%| F|  |TAMS 0x0000000086000000, 0x0000000086000000| Untracked 
|  97|0x0000000086100000, 0x0000000086200000, 0x0000000086200000|100%| O|  |TAMS 0x0000000086200000, 0x0000000086200000| Untracked 
|  98|0x0000000086200000, 0x0000000086300000, 0x0000000086300000|100%| O|  |TAMS 0x0000000086300000, 0x0000000086300000| Untracked 
|  99|0x0000000086300000, 0x0000000086400000, 0x0000000086400000|100%| O|  |TAMS 0x0000000086300000, 0x0000000086400000| Untracked 
| 100|0x0000000086400000, 0x0000000086500000, 0x0000000086500000|100%| O|  |TAMS 0x0000000086400000, 0x0000000086500000| Untracked 
| 101|0x0000000086500000, 0x0000000086600000, 0x0000000086600000|100%| O|  |TAMS 0x0000000086500000, 0x0000000086600000| Untracked 
| 102|0x0000000086600000, 0x0000000086700000, 0x0000000086700000|100%| O|  |TAMS 0x0000000086600000, 0x0000000086700000| Untracked 
| 103|0x0000000086700000, 0x0000000086800000, 0x0000000086800000|100%| O|  |TAMS 0x0000000086700000, 0x0000000086800000| Untracked 
| 104|0x0000000086800000, 0x0000000086900000, 0x0000000086900000|100%| O|  |TAMS 0x0000000086800000, 0x0000000086900000| Untracked 
| 105|0x0000000086900000, 0x0000000086a00000, 0x0000000086a00000|100%| O|  |TAMS 0x0000000086900000, 0x0000000086a00000| Untracked 
| 106|0x0000000086a00000, 0x0000000086b00000, 0x0000000086b00000|100%| O|  |TAMS 0x0000000086a00000, 0x0000000086b00000| Untracked 
| 107|0x0000000086b00000, 0x0000000086c00000, 0x0000000086c00000|100%| O|  |TAMS 0x0000000086b00000, 0x0000000086c00000| Untracked 
| 108|0x0000000086c00000, 0x0000000086d00000, 0x0000000086d00000|100%| O|  |TAMS 0x0000000086c00000, 0x0000000086d00000| Untracked 
| 109|0x0000000086d00000, 0x0000000086d00000, 0x0000000086e00000|  0%| F|  |TAMS 0x0000000086d00000, 0x0000000086d00000| Untracked 
| 110|0x0000000086e00000, 0x0000000086f00000, 0x0000000086f00000|100%| O|  |TAMS 0x0000000086e00000, 0x0000000086f00000| Untracked 
| 111|0x0000000086f00000, 0x0000000087000000, 0x0000000087000000|100%| O|  |TAMS 0x0000000087000000, 0x0000000087000000| Untracked 
| 112|0x0000000087000000, 0x0000000087000000, 0x0000000087100000|  0%| F|  |TAMS 0x0000000087000000, 0x0000000087000000| Untracked 
| 113|0x0000000087100000, 0x0000000087200000, 0x0000000087200000|100%| O|  |TAMS 0x0000000087200000, 0x0000000087200000| Untracked 
| 114|0x0000000087200000, 0x0000000087300000, 0x0000000087300000|100%| O|  |TAMS 0x0000000087200000, 0x0000000087300000| Untracked 
| 115|0x0000000087300000, 0x0000000087400000, 0x0000000087400000|100%| O|  |TAMS 0x0000000087300000, 0x0000000087400000| Untracked 
| 116|0x0000000087400000, 0x0000000087500000, 0x0000000087500000|100%| O|  |TAMS 0x0000000087400000, 0x0000000087500000| Untracked 
| 117|0x0000000087500000, 0x0000000087600000, 0x0000000087600000|100%| O|  |TAMS 0x0000000087600000, 0x0000000087600000| Untracked 
| 118|0x0000000087600000, 0x0000000087700000, 0x0000000087700000|100%|HS|  |TAMS 0x0000000087700000, 0x0000000087700000| Complete 
| 119|0x0000000087700000, 0x0000000087800000, 0x0000000087800000|100%|HC|  |TAMS 0x0000000087800000, 0x0000000087800000| Complete 
| 120|0x0000000087800000, 0x0000000087900000, 0x0000000087900000|100%| O|  |TAMS 0x0000000087900000, 0x0000000087900000| Untracked 
| 121|0x0000000087900000, 0x0000000087a00000, 0x0000000087a00000|100%| O|  |TAMS 0x0000000087a00000, 0x0000000087a00000| Untracked 
| 122|0x0000000087a00000, 0x0000000087b00000, 0x0000000087b00000|100%| O|  |TAMS 0x0000000087a00000, 0x0000000087b00000| Untracked 
| 123|0x0000000087b00000, 0x0000000087c00000, 0x0000000087c00000|100%| O|  |TAMS 0x0000000087b00000, 0x0000000087c00000| Untracked 
| 124|0x0000000087c00000, 0x0000000087c4d400, 0x0000000087d00000| 30%| O|  |TAMS 0x0000000087c00000, 0x0000000087c4d400| Untracked 
| 125|0x0000000087d00000, 0x0000000087e00000, 0x0000000087e00000|100%| O|  |TAMS 0x0000000087d00000, 0x0000000087e00000| Untracked 
| 126|0x0000000087e00000, 0x0000000087e00000, 0x0000000087f00000|  0%| F|  |TAMS 0x0000000087e00000, 0x0000000087e00000| Untracked 
| 127|0x0000000087f00000, 0x0000000087f00000, 0x0000000088000000|  0%| F|  |TAMS 0x0000000087f00000, 0x0000000087f00000| Untracked 
| 128|0x0000000088000000, 0x0000000088000000, 0x0000000088100000|  0%| F|  |TAMS 0x0000000088000000, 0x0000000088000000| Untracked 
| 129|0x0000000088100000, 0x0000000088200000, 0x0000000088200000|100%| O|  |TAMS 0x0000000088200000, 0x0000000088200000| Untracked 
| 130|0x0000000088200000, 0x0000000088300000, 0x0000000088300000|100%| O|  |TAMS 0x0000000088300000, 0x0000000088300000| Untracked 
| 131|0x0000000088300000, 0x0000000088400000, 0x0000000088400000|100%| O|  |TAMS 0x0000000088400000, 0x0000000088400000| Untracked 
| 132|0x0000000088400000, 0x0000000088500000, 0x0000000088500000|100%| O|  |TAMS 0x0000000088500000, 0x0000000088500000| Untracked 
| 133|0x0000000088500000, 0x0000000088600000, 0x0000000088600000|100%| O|  |TAMS 0x0000000088600000, 0x0000000088600000| Untracked 
| 134|0x0000000088600000, 0x0000000088700000, 0x0000000088700000|100%| O|  |TAMS 0x0000000088700000, 0x0000000088700000| Untracked 
| 135|0x0000000088700000, 0x0000000088700000, 0x0000000088800000|  0%| F|  |TAMS 0x0000000088700000, 0x0000000088700000| Untracked 
| 136|0x0000000088800000, 0x0000000088800000, 0x0000000088900000|  0%| F|  |TAMS 0x0000000088800000, 0x0000000088800000| Untracked 
| 137|0x0000000088900000, 0x0000000088900000, 0x0000000088a00000|  0%| F|  |TAMS 0x0000000088900000, 0x0000000088900000| Untracked 
| 138|0x0000000088a00000, 0x0000000088a00000, 0x0000000088b00000|  0%| F|  |TAMS 0x0000000088a00000, 0x0000000088a00000| Untracked 
| 139|0x0000000088b00000, 0x0000000088b00000, 0x0000000088c00000|  0%| F|  |TAMS 0x0000000088b00000, 0x0000000088b00000| Untracked 
| 140|0x0000000088c00000, 0x0000000088c00000, 0x0000000088d00000|  0%| F|  |TAMS 0x0000000088c00000, 0x0000000088c00000| Untracked 
| 141|0x0000000088d00000, 0x0000000088d00000, 0x0000000088e00000|  0%| F|  |TAMS 0x0000000088d00000, 0x0000000088d00000| Untracked 
| 142|0x0000000088e00000, 0x0000000088e00000, 0x0000000088f00000|  0%| F|  |TAMS 0x0000000088e00000, 0x0000000088e00000| Untracked 
| 143|0x0000000088f00000, 0x0000000088f00000, 0x0000000089000000|  0%| F|  |TAMS 0x0000000088f00000, 0x0000000088f00000| Untracked 
| 144|0x0000000089000000, 0x0000000089000000, 0x0000000089100000|  0%| F|  |TAMS 0x0000000089000000, 0x0000000089000000| Untracked 
| 145|0x0000000089100000, 0x0000000089100000, 0x0000000089200000|  0%| F|  |TAMS 0x0000000089100000, 0x0000000089100000| Untracked 
| 146|0x0000000089200000, 0x0000000089200000, 0x0000000089300000|  0%| F|  |TAMS 0x0000000089200000, 0x0000000089200000| Untracked 
| 147|0x0000000089300000, 0x0000000089400000, 0x0000000089400000|100%| O|  |TAMS 0x0000000089400000, 0x0000000089400000| Untracked 
| 148|0x0000000089400000, 0x0000000089500000, 0x0000000089500000|100%| O|  |TAMS 0x0000000089400000, 0x0000000089500000| Untracked 
| 149|0x0000000089500000, 0x0000000089600000, 0x0000000089600000|100%| O|  |TAMS 0x0000000089500000, 0x0000000089600000| Untracked 
| 150|0x0000000089600000, 0x0000000089700000, 0x0000000089700000|100%| O|  |TAMS 0x0000000089700000, 0x0000000089700000| Untracked 
| 151|0x0000000089700000, 0x0000000089700000, 0x0000000089800000|  0%| F|  |TAMS 0x0000000089700000, 0x0000000089700000| Untracked 
| 152|0x0000000089800000, 0x0000000089900000, 0x0000000089900000|100%| O|  |TAMS 0x0000000089800000, 0x0000000089900000| Untracked 
| 153|0x0000000089900000, 0x0000000089a00000, 0x0000000089a00000|100%| O|  |TAMS 0x0000000089900000, 0x0000000089a00000| Untracked 
| 154|0x0000000089a00000, 0x0000000089b00000, 0x0000000089b00000|100%| O|  |TAMS 0x0000000089a00000, 0x0000000089b00000| Untracked 
| 155|0x0000000089b00000, 0x0000000089c00000, 0x0000000089c00000|100%| O|  |TAMS 0x0000000089b00000, 0x0000000089c00000| Untracked 
| 156|0x0000000089c00000, 0x0000000089d00000, 0x0000000089d00000|100%| O|  |TAMS 0x0000000089c00000, 0x0000000089d00000| Untracked 
| 157|0x0000000089d00000, 0x0000000089d00000, 0x0000000089e00000|  0%| F|  |TAMS 0x0000000089d00000, 0x0000000089d00000| Untracked 
| 158|0x0000000089e00000, 0x0000000089e00000, 0x0000000089f00000|  0%| F|  |TAMS 0x0000000089e00000, 0x0000000089e00000| Untracked 
| 159|0x0000000089f00000, 0x0000000089f00000, 0x000000008a000000|  0%| F|  |TAMS 0x0000000089f00000, 0x0000000089f00000| Untracked 
| 160|0x000000008a000000, 0x000000008a000000, 0x000000008a100000|  0%| F|  |TAMS 0x000000008a000000, 0x000000008a000000| Untracked 
| 161|0x000000008a100000, 0x000000008a100000, 0x000000008a200000|  0%| F|  |TAMS 0x000000008a100000, 0x000000008a100000| Untracked 
| 162|0x000000008a200000, 0x000000008a200000, 0x000000008a300000|  0%| F|  |TAMS 0x000000008a200000, 0x000000008a200000| Untracked 
| 163|0x000000008a300000, 0x000000008a300000, 0x000000008a400000|  0%| F|  |TAMS 0x000000008a300000, 0x000000008a300000| Untracked 
| 164|0x000000008a400000, 0x000000008a400000, 0x000000008a500000|  0%| F|  |TAMS 0x000000008a400000, 0x000000008a400000| Untracked 
| 165|0x000000008a500000, 0x000000008a500000, 0x000000008a600000|  0%| F|  |TAMS 0x000000008a500000, 0x000000008a500000| Untracked 
| 166|0x000000008a600000, 0x000000008a600000, 0x000000008a700000|  0%| F|  |TAMS 0x000000008a600000, 0x000000008a600000| Untracked 
| 167|0x000000008a700000, 0x000000008a700000, 0x000000008a800000|  0%| F|  |TAMS 0x000000008a700000, 0x000000008a700000| Untracked 
| 168|0x000000008a800000, 0x000000008a800000, 0x000000008a900000|  0%| F|  |TAMS 0x000000008a800000, 0x000000008a800000| Untracked 
| 169|0x000000008a900000, 0x000000008a900000, 0x000000008aa00000|  0%| F|  |TAMS 0x000000008a900000, 0x000000008a900000| Untracked 
| 170|0x000000008aa00000, 0x000000008aa00000, 0x000000008ab00000|  0%| F|  |TAMS 0x000000008aa00000, 0x000000008aa00000| Untracked 
| 171|0x000000008ab00000, 0x000000008ab00000, 0x000000008ac00000|  0%| F|  |TAMS 0x000000008ab00000, 0x000000008ab00000| Untracked 
| 172|0x000000008ac00000, 0x000000008ac00000, 0x000000008ad00000|  0%| F|  |TAMS 0x000000008ac00000, 0x000000008ac00000| Untracked 
| 173|0x000000008ad00000, 0x000000008ad00000, 0x000000008ae00000|  0%| F|  |TAMS 0x000000008ad00000, 0x000000008ad00000| Untracked 
| 174|0x000000008ae00000, 0x000000008aef2c90, 0x000000008af00000| 94%| S|CS|TAMS 0x000000008ae00000, 0x000000008ae00000| Complete 
| 175|0x000000008af00000, 0x000000008b000000, 0x000000008b000000|100%| S|CS|TAMS 0x000000008af00000, 0x000000008af00000| Complete 
| 176|0x000000008b000000, 0x000000008b100000, 0x000000008b100000|100%| S|CS|TAMS 0x000000008b000000, 0x000000008b000000| Complete 
| 177|0x000000008b100000, 0x000000008b100000, 0x000000008b200000|  0%| F|  |TAMS 0x000000008b100000, 0x000000008b100000| Untracked 
| 178|0x000000008b200000, 0x000000008b200000, 0x000000008b300000|  0%| F|  |TAMS 0x000000008b200000, 0x000000008b200000| Untracked 
| 179|0x000000008b300000, 0x000000008b300000, 0x000000008b400000|  0%| F|  |TAMS 0x000000008b300000, 0x000000008b300000| Untracked 
| 180|0x000000008b400000, 0x000000008b400000, 0x000000008b500000|  0%| F|  |TAMS 0x000000008b400000, 0x000000008b400000| Untracked 
| 181|0x000000008b500000, 0x000000008b500000, 0x000000008b600000|  0%| F|  |TAMS 0x000000008b500000, 0x000000008b500000| Untracked 
| 182|0x000000008b600000, 0x000000008b600000, 0x000000008b700000|  0%| F|  |TAMS 0x000000008b600000, 0x000000008b600000| Untracked 
| 183|0x000000008b700000, 0x000000008b700000, 0x000000008b800000|  0%| F|  |TAMS 0x000000008b700000, 0x000000008b700000| Untracked 
| 184|0x000000008b800000, 0x000000008b800000, 0x000000008b900000|  0%| F|  |TAMS 0x000000008b800000, 0x000000008b800000| Untracked 
| 185|0x000000008b900000, 0x000000008b900000, 0x000000008ba00000|  0%| F|  |TAMS 0x000000008b900000, 0x000000008b900000| Untracked 
| 186|0x000000008ba00000, 0x000000008ba00000, 0x000000008bb00000|  0%| F|  |TAMS 0x000000008ba00000, 0x000000008ba00000| Untracked 
| 187|0x000000008bb00000, 0x000000008bb00000, 0x000000008bc00000|  0%| F|  |TAMS 0x000000008bb00000, 0x000000008bb00000| Untracked 
| 188|0x000000008bc00000, 0x000000008bc00000, 0x000000008bd00000|  0%| F|  |TAMS 0x000000008bc00000, 0x000000008bc00000| Untracked 
| 189|0x000000008bd00000, 0x000000008bd00000, 0x000000008be00000|  0%| F|  |TAMS 0x000000008bd00000, 0x000000008bd00000| Untracked 
| 190|0x000000008be00000, 0x000000008be00000, 0x000000008bf00000|  0%| F|  |TAMS 0x000000008be00000, 0x000000008be00000| Untracked 
| 191|0x000000008bf00000, 0x000000008bf00000, 0x000000008c000000|  0%| F|  |TAMS 0x000000008bf00000, 0x000000008bf00000| Untracked 
| 192|0x000000008c000000, 0x000000008c000000, 0x000000008c100000|  0%| F|  |TAMS 0x000000008c000000, 0x000000008c000000| Untracked 
| 193|0x000000008c100000, 0x000000008c100000, 0x000000008c200000|  0%| F|  |TAMS 0x000000008c100000, 0x000000008c100000| Untracked 
| 194|0x000000008c200000, 0x000000008c200000, 0x000000008c300000|  0%| F|  |TAMS 0x000000008c200000, 0x000000008c200000| Untracked 
| 195|0x000000008c300000, 0x000000008c300000, 0x000000008c400000|  0%| F|  |TAMS 0x000000008c300000, 0x000000008c300000| Untracked 
| 196|0x000000008c400000, 0x000000008c400000, 0x000000008c500000|  0%| F|  |TAMS 0x000000008c400000, 0x000000008c400000| Untracked 
| 197|0x000000008c500000, 0x000000008c500000, 0x000000008c600000|  0%| F|  |TAMS 0x000000008c500000, 0x000000008c500000| Untracked 
| 198|0x000000008c600000, 0x000000008c600000, 0x000000008c700000|  0%| F|  |TAMS 0x000000008c600000, 0x000000008c600000| Untracked 
| 199|0x000000008c700000, 0x000000008c700000, 0x000000008c800000|  0%| F|  |TAMS 0x000000008c700000, 0x000000008c700000| Untracked 
| 200|0x000000008c800000, 0x000000008c800000, 0x000000008c900000|  0%| F|  |TAMS 0x000000008c800000, 0x000000008c800000| Untracked 
| 201|0x000000008c900000, 0x000000008c900000, 0x000000008ca00000|  0%| F|  |TAMS 0x000000008c900000, 0x000000008c900000| Untracked 
| 202|0x000000008ca00000, 0x000000008ca00000, 0x000000008cb00000|  0%| F|  |TAMS 0x000000008ca00000, 0x000000008ca00000| Untracked 
| 203|0x000000008cb00000, 0x000000008cb00000, 0x000000008cc00000|  0%| F|  |TAMS 0x000000008cb00000, 0x000000008cb00000| Untracked 
| 204|0x000000008cc00000, 0x000000008cc00000, 0x000000008cd00000|  0%| F|  |TAMS 0x000000008cc00000, 0x000000008cc00000| Untracked 
| 205|0x000000008cd00000, 0x000000008cd00000, 0x000000008ce00000|  0%| F|  |TAMS 0x000000008cd00000, 0x000000008cd00000| Untracked 
| 206|0x000000008ce00000, 0x000000008ce00000, 0x000000008cf00000|  0%| F|  |TAMS 0x000000008ce00000, 0x000000008ce00000| Untracked 
| 207|0x000000008cf00000, 0x000000008cf00000, 0x000000008d000000|  0%| F|  |TAMS 0x000000008cf00000, 0x000000008cf00000| Untracked 
| 208|0x000000008d000000, 0x000000008d000000, 0x000000008d100000|  0%| F|  |TAMS 0x000000008d000000, 0x000000008d000000| Untracked 
| 209|0x000000008d100000, 0x000000008d100000, 0x000000008d200000|  0%| F|  |TAMS 0x000000008d100000, 0x000000008d100000| Untracked 
| 210|0x000000008d200000, 0x000000008d200000, 0x000000008d300000|  0%| F|  |TAMS 0x000000008d200000, 0x000000008d200000| Untracked 
| 211|0x000000008d300000, 0x000000008d300000, 0x000000008d400000|  0%| F|  |TAMS 0x000000008d300000, 0x000000008d300000| Untracked 
| 212|0x000000008d400000, 0x000000008d400000, 0x000000008d500000|  0%| F|  |TAMS 0x000000008d400000, 0x000000008d400000| Untracked 
| 213|0x000000008d500000, 0x000000008d500000, 0x000000008d600000|  0%| F|  |TAMS 0x000000008d500000, 0x000000008d500000| Untracked 
| 214|0x000000008d600000, 0x000000008d600000, 0x000000008d700000|  0%| F|  |TAMS 0x000000008d600000, 0x000000008d600000| Untracked 
| 215|0x000000008d700000, 0x000000008d700000, 0x000000008d800000|  0%| F|  |TAMS 0x000000008d700000, 0x000000008d700000| Untracked 
| 216|0x000000008d800000, 0x000000008d800000, 0x000000008d900000|  0%| F|  |TAMS 0x000000008d800000, 0x000000008d800000| Untracked 
| 217|0x000000008d900000, 0x000000008d900000, 0x000000008da00000|  0%| F|  |TAMS 0x000000008d900000, 0x000000008d900000| Untracked 
| 218|0x000000008da00000, 0x000000008da00000, 0x000000008db00000|  0%| F|  |TAMS 0x000000008da00000, 0x000000008da00000| Untracked 
| 219|0x000000008db00000, 0x000000008db00000, 0x000000008dc00000|  0%| F|  |TAMS 0x000000008db00000, 0x000000008db00000| Untracked 
| 220|0x000000008dc00000, 0x000000008dc00000, 0x000000008dd00000|  0%| F|  |TAMS 0x000000008dc00000, 0x000000008dc00000| Untracked 
| 221|0x000000008dd00000, 0x000000008dd00000, 0x000000008de00000|  0%| F|  |TAMS 0x000000008dd00000, 0x000000008dd00000| Untracked 
| 222|0x000000008de00000, 0x000000008de00000, 0x000000008df00000|  0%| F|  |TAMS 0x000000008de00000, 0x000000008de00000| Untracked 
| 223|0x000000008df00000, 0x000000008df00000, 0x000000008e000000|  0%| F|  |TAMS 0x000000008df00000, 0x000000008df00000| Untracked 
| 224|0x000000008e000000, 0x000000008e000000, 0x000000008e100000|  0%| F|  |TAMS 0x000000008e000000, 0x000000008e000000| Untracked 
| 225|0x000000008e100000, 0x000000008e100000, 0x000000008e200000|  0%| F|  |TAMS 0x000000008e100000, 0x000000008e100000| Untracked 
| 226|0x000000008e200000, 0x000000008e200000, 0x000000008e300000|  0%| F|  |TAMS 0x000000008e200000, 0x000000008e200000| Untracked 
| 227|0x000000008e300000, 0x000000008e300000, 0x000000008e400000|  0%| F|  |TAMS 0x000000008e300000, 0x000000008e300000| Untracked 
| 228|0x000000008e400000, 0x000000008e400000, 0x000000008e500000|  0%| F|  |TAMS 0x000000008e400000, 0x000000008e400000| Untracked 
| 229|0x000000008e500000, 0x000000008e500000, 0x000000008e600000|  0%| F|  |TAMS 0x000000008e500000, 0x000000008e500000| Untracked 
| 230|0x000000008e600000, 0x000000008e600000, 0x000000008e700000|  0%| F|  |TAMS 0x000000008e600000, 0x000000008e600000| Untracked 
| 231|0x000000008e700000, 0x000000008e700000, 0x000000008e800000|  0%| F|  |TAMS 0x000000008e700000, 0x000000008e700000| Untracked 
| 232|0x000000008e800000, 0x000000008e800000, 0x000000008e900000|  0%| F|  |TAMS 0x000000008e800000, 0x000000008e800000| Untracked 
| 233|0x000000008e900000, 0x000000008e900000, 0x000000008ea00000|  0%| F|  |TAMS 0x000000008e900000, 0x000000008e900000| Untracked 
| 234|0x000000008ea00000, 0x000000008ea00000, 0x000000008eb00000|  0%| F|  |TAMS 0x000000008ea00000, 0x000000008ea00000| Untracked 
| 235|0x000000008eb00000, 0x000000008eb00000, 0x000000008ec00000|  0%| F|  |TAMS 0x000000008eb00000, 0x000000008eb00000| Untracked 
| 236|0x000000008ec00000, 0x000000008ec00000, 0x000000008ed00000|  0%| F|  |TAMS 0x000000008ec00000, 0x000000008ec00000| Untracked 
| 237|0x000000008ed00000, 0x000000008ed00000, 0x000000008ee00000|  0%| F|  |TAMS 0x000000008ed00000, 0x000000008ed00000| Untracked 
| 238|0x000000008ee00000, 0x000000008ee00000, 0x000000008ef00000|  0%| F|  |TAMS 0x000000008ee00000, 0x000000008ee00000| Untracked 
| 239|0x000000008ef00000, 0x000000008ef00000, 0x000000008f000000|  0%| F|  |TAMS 0x000000008ef00000, 0x000000008ef00000| Untracked 
| 240|0x000000008f000000, 0x000000008f000000, 0x000000008f100000|  0%| F|  |TAMS 0x000000008f000000, 0x000000008f000000| Untracked 
| 241|0x000000008f100000, 0x000000008f100000, 0x000000008f200000|  0%| F|  |TAMS 0x000000008f100000, 0x000000008f100000| Untracked 
| 242|0x000000008f200000, 0x000000008f200000, 0x000000008f300000|  0%| F|  |TAMS 0x000000008f200000, 0x000000008f200000| Untracked 
| 243|0x000000008f300000, 0x000000008f300000, 0x000000008f400000|  0%| F|  |TAMS 0x000000008f300000, 0x000000008f300000| Untracked 
| 244|0x000000008f400000, 0x000000008f400000, 0x000000008f500000|  0%| F|  |TAMS 0x000000008f400000, 0x000000008f400000| Untracked 
| 245|0x000000008f500000, 0x000000008f500000, 0x000000008f600000|  0%| F|  |TAMS 0x000000008f500000, 0x000000008f500000| Untracked 
| 246|0x000000008f600000, 0x000000008f600000, 0x000000008f700000|  0%| F|  |TAMS 0x000000008f600000, 0x000000008f600000| Untracked 
| 247|0x000000008f700000, 0x000000008f700000, 0x000000008f800000|  0%| F|  |TAMS 0x000000008f700000, 0x000000008f700000| Untracked 
| 248|0x000000008f800000, 0x000000008f800000, 0x000000008f900000|  0%| F|  |TAMS 0x000000008f800000, 0x000000008f800000| Untracked 
| 249|0x000000008f900000, 0x000000008f900000, 0x000000008fa00000|  0%| F|  |TAMS 0x000000008f900000, 0x000000008f900000| Untracked 
| 250|0x000000008fa00000, 0x000000008fa00000, 0x000000008fb00000|  0%| F|  |TAMS 0x000000008fa00000, 0x000000008fa00000| Untracked 
| 251|0x000000008fb00000, 0x000000008fb00000, 0x000000008fc00000|  0%| F|  |TAMS 0x000000008fb00000, 0x000000008fb00000| Untracked 
| 252|0x000000008fc00000, 0x000000008fc00000, 0x000000008fd00000|  0%| F|  |TAMS 0x000000008fc00000, 0x000000008fc00000| Untracked 
| 253|0x000000008fd00000, 0x000000008fd00000, 0x000000008fe00000|  0%| F|  |TAMS 0x000000008fd00000, 0x000000008fd00000| Untracked 
| 254|0x000000008fe00000, 0x000000008fe00000, 0x000000008ff00000|  0%| F|  |TAMS 0x000000008fe00000, 0x000000008fe00000| Untracked 
| 255|0x000000008ff00000, 0x000000008ff00000, 0x0000000090000000|  0%| F|  |TAMS 0x000000008ff00000, 0x000000008ff00000| Untracked 
| 256|0x0000000090000000, 0x0000000090000000, 0x0000000090100000|  0%| F|  |TAMS 0x0000000090000000, 0x0000000090000000| Untracked 
| 257|0x0000000090100000, 0x0000000090100000, 0x0000000090200000|  0%| F|  |TAMS 0x0000000090100000, 0x0000000090100000| Untracked 
| 258|0x0000000090200000, 0x0000000090200000, 0x0000000090300000|  0%| F|  |TAMS 0x0000000090200000, 0x0000000090200000| Untracked 
| 259|0x0000000090300000, 0x0000000090300000, 0x0000000090400000|  0%| F|  |TAMS 0x0000000090300000, 0x0000000090300000| Untracked 
| 260|0x0000000090400000, 0x0000000090400000, 0x0000000090500000|  0%| F|  |TAMS 0x0000000090400000, 0x0000000090400000| Untracked 
| 261|0x0000000090500000, 0x0000000090500000, 0x0000000090600000|  0%| F|  |TAMS 0x0000000090500000, 0x0000000090500000| Untracked 
| 262|0x0000000090600000, 0x0000000090600000, 0x0000000090700000|  0%| F|  |TAMS 0x0000000090600000, 0x0000000090600000| Untracked 
| 263|0x0000000090700000, 0x0000000090700000, 0x0000000090800000|  0%| F|  |TAMS 0x0000000090700000, 0x0000000090700000| Untracked 
| 264|0x0000000090800000, 0x0000000090800000, 0x0000000090900000|  0%| F|  |TAMS 0x0000000090800000, 0x0000000090800000| Untracked 
| 265|0x0000000090900000, 0x0000000090900000, 0x0000000090a00000|  0%| F|  |TAMS 0x0000000090900000, 0x0000000090900000| Untracked 
| 266|0x0000000090a00000, 0x0000000090a00000, 0x0000000090b00000|  0%| F|  |TAMS 0x0000000090a00000, 0x0000000090a00000| Untracked 
| 267|0x0000000090b00000, 0x0000000090b00000, 0x0000000090c00000|  0%| F|  |TAMS 0x0000000090b00000, 0x0000000090b00000| Untracked 
| 268|0x0000000090c00000, 0x0000000090c00000, 0x0000000090d00000|  0%| F|  |TAMS 0x0000000090c00000, 0x0000000090c00000| Untracked 

Card table byte_map: [0x000001e9b8320000,0x000001e9b8720000] _byte_map_base: 0x000001e9b7f20000

Marking Bits (Prev, Next): (CMBitMap*) 0x000001e9a3864110, (CMBitMap*) 0x000001e9a3864150
 Prev Bits: [0x000001e9b8b20000, 0x000001e9bab20000)
 Next Bits: [0x000001e9bab20000, 0x000001e9bcb20000)

Polling page: 0x000001e9a38d0000

Metaspace:

Usage:
  Non-class:    122.68 MB used.
      Class:     19.06 MB used.
       Both:    141.73 MB used.

Virtual space:
  Non-class space:      128.00 MB reserved,     123.12 MB ( 96%) committed,  16 nodes.
      Class space:        1.00 GB reserved,      19.44 MB (  2%) committed,  1 nodes.
             Both:        1.12 GB reserved,     142.56 MB ( 12%) committed. 

Chunk freelists:
   Non-Class:  641.00 KB
       Class:  591.00 KB
        Both:  1.20 MB

MaxMetaspaceSize: unlimited
CompressedClassSpaceSize: 1.00 GB
Initial GC threshold: 21.00 MB
Current GC threshold: 229.50 MB
CDS: off
MetaspaceReclaimPolicy: balanced
 - commit_granule_bytes: 65536.
 - commit_granule_words: 8192.
 - virtual_space_node_default_size: 1048576.
 - enlarge_chunks_in_place: 1.
 - new_chunks_are_fully_committed: 0.
 - uncommit_free_chunks: 1.
 - use_allocation_guard: 0.
 - handle_deallocations: 1.


Internal statistics:

num_allocs_failed_limit: 21.
num_arena_births: 1580.
num_arena_deaths: 126.
num_vsnodes_births: 17.
num_vsnodes_deaths: 0.
num_space_committed: 2278.
num_space_uncommitted: 0.
num_chunks_returned_to_freelist: 180.
num_chunks_taken_from_freelist: 7091.
num_chunk_merges: 83.
num_chunk_splits: 4835.
num_chunks_enlarged: 3353.
num_purges: 2.
num_inconsistent_stats: 0.

CodeHeap 'non-profiled nmethods': size=120000Kb used=10660Kb max_used=10823Kb free=109339Kb
 bounds [0x000001e9aff70000, 0x000001e9b0a20000, 0x000001e9b74a0000]
CodeHeap 'profiled nmethods': size=120000Kb used=33819Kb max_used=33819Kb free=86180Kb
 bounds [0x000001e9a84a0000, 0x000001e9aa5b0000, 0x000001e9af9d0000]
CodeHeap 'non-nmethods': size=5760Kb used=2467Kb max_used=2541Kb free=3292Kb
 bounds [0x000001e9af9d0000, 0x000001e9afc60000, 0x000001e9aff70000]
 total_blobs=18727 nmethods=17718 adapters=919
 compilation: enabled
              stopped_count=0, restarted_count=0
 full_count=0

Compilation events (20 events):
Event: 4285.208 Thread 0x000001e9bf629490 21781       3       org.gradle.internal.component.external.model.AbstractMutableModuleComponentResolveMetadata::<init> (77 bytes)
Event: 4285.209 Thread 0x000001e9bf629490 nmethod 21781 0x000001e9aa59ff10 code [0x000001e9aa5a0160, 0x000001e9aa5a0c78]
Event: 4285.209 Thread 0x000001e9bf629490 21782       3       org.gradle.internal.component.external.model.AbstractMutableModuleComponentResolveMetadata::defaultAttributes (20 bytes)
Event: 4285.210 Thread 0x000001e9bf629490 nmethod 21782 0x000001e9aa5a0f90 code [0x000001e9aa5a1160, 0x000001e9aa5a14d8]
Event: 4285.210 Thread 0x000001e9bf629490 21783       3       org.gradle.internal.component.external.model.VariantMetadataRules::<init> (13 bytes)
Event: 4285.210 Thread 0x000001e9bf629490 nmethod 21783 0x000001e9aa5a1610 code [0x000001e9aa5a17c0, 0x000001e9aa5a19d8]
Event: 4285.210 Thread 0x000001e9bf629490 21784       3       org.gradle.api.internal.artifacts.ivyservice.modulecache.ModuleMetadataSerializer$Reader::readSharedInfo (88 bytes)
Event: 4285.211 Thread 0x000001e9bf629490 nmethod 21784 0x000001e9aa5a1b10 code [0x000001e9aa5a1d60, 0x000001e9aa5a2998]
Event: 4285.211 Thread 0x000001e9bf629490 21785       3       org.gradle.internal.component.external.model.AbstractMutableModuleComponentResolveMetadata::setStatus (22 bytes)
Event: 4285.211 Thread 0x000001e9bf629490 nmethod 21785 0x000001e9aa5a2d90 code [0x000001e9aa5a2f40, 0x000001e9aa5a3188]
Event: 4285.211 Thread 0x000001e9bf629490 21786       3       org.gradle.internal.component.external.model.maven.DefaultMutableMavenModuleResolveMetadata::<init> (38 bytes)
Event: 4285.211 Thread 0x000001e9bf629490 nmethod 21786 0x000001e9aa5a3290 code [0x000001e9aa5a3460, 0x000001e9aa5a3798]
Event: 4285.211 Thread 0x000001e9bf629490 21787       3       org.gradle.internal.component.external.model.AbstractModuleComponentResolveMetadata::<init> (136 bytes)
Event: 4285.213 Thread 0x000001e9bf629490 nmethod 21787 0x000001e9aa5a3890 code [0x000001e9aa5a3b20, 0x000001e9aa5a5248]
Event: 4285.218 Thread 0x000001e9bf629490 21788       2       org.gradle.internal.component.model.AttributeMatchingExplanationBuilder::logging (4 bytes)
Event: 4285.218 Thread 0x000001e9bf629490 nmethod 21788 0x000001e9aa5a5610 code [0x000001e9aa5a57c0, 0x000001e9aa5a5968]
Event: 4285.225 Thread 0x000001e9bf629490 21789       3       org.gradle.internal.component.model.AttributeConfigurationSelector::selectVariantsUsingAttributeMatching (13 bytes)
Event: 4285.226 Thread 0x000001e9bf629490 nmethod 21789 0x000001e9aa5a5b10 code [0x000001e9aa5a5d00, 0x000001e9aa5a62b8]
Event: 4285.253 Thread 0x000001e9bf629490 21791       3       org.gradle.api.internal.artifacts.dependencies.DefaultResolvedVersionConstraint::<init> (30 bytes)
Event: 4285.254 Thread 0x000001e9bf629490 nmethod 21791 0x000001e9aa5a6510 code [0x000001e9aa5a6700, 0x000001e9aa5a6b68]

GC Heap History (20 events):
Event: 3425.622 GC heap after
{Heap after GC invocations=58 (full 0):
 garbage-first heap   total 252928K, used 139686K [0x0000000080000000, 0x0000000100000000)
  region size 1024K, 5 young (5120K), 5 survivors (5120K)
 Metaspace       used 111706K, committed 112512K, reserved 1155072K
  class space    used 14596K, committed 15040K, reserved 1048576K
}
Event: 3426.884 GC heap before
{Heap before GC invocations=58 (full 0):
 garbage-first heap   total 252928K, used 193958K [0x0000000080000000, 0x0000000100000000)
  region size 1024K, 58 young (59392K), 5 survivors (5120K)
 Metaspace       used 115215K, committed 116032K, reserved 1155072K
  class space    used 14934K, committed 15360K, reserved 1048576K
}
Event: 3426.896 GC heap after
{Heap after GC invocations=59 (full 0):
 garbage-first heap   total 252928K, used 143677K [0x0000000080000000, 0x0000000100000000)
  region size 1024K, 5 young (5120K), 5 survivors (5120K)
 Metaspace       used 115215K, committed 116032K, reserved 1155072K
  class space    used 14934K, committed 15360K, reserved 1048576K
}
Event: 3429.963 GC heap before
{Heap before GC invocations=59 (full 0):
 garbage-first heap   total 252928K, used 195901K [0x0000000080000000, 0x0000000100000000)
  region size 1024K, 57 young (58368K), 5 survivors (5120K)
 Metaspace       used 116424K, committed 117248K, reserved 1155072K
  class space    used 15074K, committed 15488K, reserved 1048576K
}
Event: 3429.973 GC heap after
{Heap after GC invocations=60 (full 0):
 garbage-first heap   total 252928K, used 145284K [0x0000000080000000, 0x0000000100000000)
  region size 1024K, 6 young (6144K), 6 survivors (6144K)
 Metaspace       used 116424K, committed 117248K, reserved 1155072K
  class space    used 15074K, committed 15488K, reserved 1048576K
}
Event: 3431.342 GC heap before
{Heap before GC invocations=60 (full 0):
 garbage-first heap   total 252928K, used 201604K [0x0000000080000000, 0x0000000100000000)
  region size 1024K, 60 young (61440K), 6 survivors (6144K)
 Metaspace       used 123786K, committed 124672K, reserved 1163264K
  class space    used 16009K, committed 16448K, reserved 1048576K
}
Event: 3431.355 GC heap after
{Heap after GC invocations=61 (full 0):
 garbage-first heap   total 252928K, used 154522K [0x0000000080000000, 0x0000000100000000)
  region size 1024K, 8 young (8192K), 8 survivors (8192K)
 Metaspace       used 123786K, committed 124672K, reserved 1163264K
  class space    used 16009K, committed 16448K, reserved 1048576K
}
Event: 3432.767 GC heap before
{Heap before GC invocations=61 (full 0):
 garbage-first heap   total 252928K, used 203674K [0x0000000080000000, 0x0000000100000000)
  region size 1024K, 57 young (58368K), 8 survivors (8192K)
 Metaspace       used 126177K, committed 127040K, reserved 1163264K
  class space    used 16303K, committed 16704K, reserved 1048576K
}
Event: 3432.773 GC heap after
{Heap after GC invocations=62 (full 0):
 garbage-first heap   total 252928K, used 152344K [0x0000000080000000, 0x0000000100000000)
  region size 1024K, 2 young (2048K), 2 survivors (2048K)
 Metaspace       used 126177K, committed 127040K, reserved 1163264K
  class space    used 16303K, committed 16704K, reserved 1048576K
}
Event: 3433.855 GC heap before
{Heap before GC invocations=62 (full 0):
 garbage-first heap   total 252928K, used 207640K [0x0000000080000000, 0x0000000100000000)
  region size 1024K, 55 young (56320K), 2 survivors (2048K)
 Metaspace       used 132019K, committed 132864K, reserved 1171456K
  class space    used 17202K, committed 17600K, reserved 1048576K
}
Event: 3433.869 GC heap after
{Heap after GC invocations=63 (full 0):
 garbage-first heap   total 252928K, used 160439K [0x0000000080000000, 0x0000000100000000)
  region size 1024K, 7 young (7168K), 7 survivors (7168K)
 Metaspace       used 132019K, committed 132864K, reserved 1171456K
  class space    used 17202K, committed 17600K, reserved 1048576K
}
Event: 3434.522 GC heap before
{Heap before GC invocations=63 (full 0):
 garbage-first heap   total 252928K, used 202423K [0x0000000080000000, 0x0000000100000000)
  region size 1024K, 50 young (51200K), 7 survivors (7168K)
 Metaspace       used 139283K, committed 140160K, reserved 1171456K
  class space    used 18512K, committed 18880K, reserved 1048576K
}
Event: 3434.535 GC heap after
{Heap after GC invocations=64 (full 0):
 garbage-first heap   total 252928K, used 164432K [0x0000000080000000, 0x0000000100000000)
  region size 1024K, 4 young (4096K), 4 survivors (4096K)
 Metaspace       used 139283K, committed 140160K, reserved 1171456K
  class space    used 18512K, committed 18880K, reserved 1048576K
}
Event: 3435.482 GC heap before
{Heap before GC invocations=65 (full 0):
 garbage-first heap   total 275456K, used 197200K [0x0000000080000000, 0x0000000100000000)
  region size 1024K, 46 young (47104K), 4 survivors (4096K)
 Metaspace       used 142152K, committed 142912K, reserved 1179648K
  class space    used 18976K, committed 19328K, reserved 1048576K
}
Event: 3435.492 GC heap after
{Heap after GC invocations=66 (full 0):
 garbage-first heap   total 275456K, used 154263K [0x0000000080000000, 0x0000000100000000)
  region size 1024K, 2 young (2048K), 2 survivors (2048K)
 Metaspace       used 142152K, committed 142912K, reserved 1179648K
  class space    used 18976K, committed 19328K, reserved 1048576K
}
Event: 3435.611 GC heap before
{Heap before GC invocations=66 (full 0):
 garbage-first heap   total 275456K, used 164503K [0x0000000080000000, 0x0000000100000000)
  region size 1024K, 13 young (13312K), 2 survivors (2048K)
 Metaspace       used 142917K, committed 143744K, reserved 1179648K
  class space    used 19095K, committed 19456K, reserved 1048576K
}
Event: 3435.621 GC heap after
{Heap after GC invocations=67 (full 0):
 garbage-first heap   total 275456K, used 131964K [0x0000000080000000, 0x0000000100000000)
  region size 1024K, 2 young (2048K), 2 survivors (2048K)
 Metaspace       used 142917K, committed 143744K, reserved 1179648K
  class space    used 19095K, committed 19456K, reserved 1048576K
}
Event: 3435.779 GC heap before
{Heap before GC invocations=67 (full 0):
 garbage-first heap   total 275456K, used 142204K [0x0000000080000000, 0x0000000100000000)
  region size 1024K, 14 young (14336K), 2 survivors (2048K)
 Metaspace       used 143196K, committed 144000K, reserved 1179648K
  class space    used 19142K, committed 19520K, reserved 1048576K
}
Event: 3435.808 GC heap after
{Heap after GC invocations=68 (full 0):
 garbage-first heap   total 275456K, used 123189K [0x0000000080000000, 0x0000000100000000)
  region size 1024K, 2 young (2048K), 2 survivors (2048K)
 Metaspace       used 143196K, committed 144000K, reserved 1179648K
  class space    used 19142K, committed 19520K, reserved 1048576K
}
Event: 4285.286 GC heap before
{Heap before GC invocations=68 (full 0):
 garbage-first heap   total 275456K, used 233781K [0x0000000080000000, 0x0000000100000000)
  region size 1024K, 92 young (94208K), 2 survivors (2048K)
 Metaspace       used 145135K, committed 145984K, reserved 1179648K
  class space    used 19515K, committed 19904K, reserved 1048576K
}

Dll operation events (2 events):
Event: 0.015 Loaded shared library C:\Program Files\Android\Android Studio\jbr\bin\java.dll
Event: 0.653 Loaded shared library C:\Program Files\Android\Android Studio\jbr\bin\verify.dll

Deoptimization events (20 events):
Event: 4285.092 Thread 0x000001e9c5ad1270 Uncommon trap: trap_request=0xffffffde fr.pc=0x000001e9b037adcc relative=0x000000000000012c
Event: 4285.092 Thread 0x000001e9c5ad1270 Uncommon trap: reason=class_check action=maybe_recompile pc=0x000001e9b037adcc method=com.google.common.base.CharMatcher$Or.matches(C)Z @ 5 c2
Event: 4285.092 Thread 0x000001e9c5ad1270 DEOPT PACKING pc=0x000001e9b037adcc sp=0x000000aa031f9b90
Event: 4285.092 Thread 0x000001e9c5ad1270 DEOPT UNPACKING pc=0x000001e9afa269a3 sp=0x000000aa031f9b38 mode 2
Event: 4285.092 Thread 0x000001e9c5ad1270 Uncommon trap: trap_request=0xffffffde fr.pc=0x000001e9b037adcc relative=0x000000000000012c
Event: 4285.092 Thread 0x000001e9c5ad1270 Uncommon trap: reason=class_check action=maybe_recompile pc=0x000001e9b037adcc method=com.google.common.base.CharMatcher$Or.matches(C)Z @ 5 c2
Event: 4285.092 Thread 0x000001e9c5ad1270 DEOPT PACKING pc=0x000001e9b037adcc sp=0x000000aa031f9b20
Event: 4285.092 Thread 0x000001e9c5ad1270 DEOPT UNPACKING pc=0x000001e9afa269a3 sp=0x000000aa031f9ac8 mode 2
Event: 4285.092 Thread 0x000001e9c5ad1270 Uncommon trap: trap_request=0xffffffde fr.pc=0x000001e9b037adcc relative=0x000000000000012c
Event: 4285.092 Thread 0x000001e9c5ad1270 Uncommon trap: reason=class_check action=maybe_recompile pc=0x000001e9b037adcc method=com.google.common.base.CharMatcher$Or.matches(C)Z @ 5 c2
Event: 4285.092 Thread 0x000001e9c5ad1270 DEOPT PACKING pc=0x000001e9b037adcc sp=0x000000aa031f9ab0
Event: 4285.092 Thread 0x000001e9c5ad1270 DEOPT UNPACKING pc=0x000001e9afa269a3 sp=0x000000aa031f9a58 mode 2
Event: 4285.092 Thread 0x000001e9c5ad1270 Uncommon trap: trap_request=0xffffffde fr.pc=0x000001e9b037adcc relative=0x000000000000012c
Event: 4285.092 Thread 0x000001e9c5ad1270 Uncommon trap: reason=class_check action=maybe_recompile pc=0x000001e9b037adcc method=com.google.common.base.CharMatcher$Or.matches(C)Z @ 5 c2
Event: 4285.092 Thread 0x000001e9c5ad1270 DEOPT PACKING pc=0x000001e9b037adcc sp=0x000000aa031f9b90
Event: 4285.092 Thread 0x000001e9c5ad1270 DEOPT UNPACKING pc=0x000001e9afa269a3 sp=0x000000aa031f9b38 mode 2
Event: 4285.130 Thread 0x000001e9c5ad1270 Uncommon trap: trap_request=0xffffffde fr.pc=0x000001e9b01b9114 relative=0x0000000000000654
Event: 4285.130 Thread 0x000001e9c5ad1270 Uncommon trap: reason=class_check action=maybe_recompile pc=0x000001e9b01b9114 method=org.gradle.cache.internal.LockOnDemandCrossProcessCacheAccess.incrementLockCount()V @ 97 c2
Event: 4285.130 Thread 0x000001e9c5ad1270 DEOPT PACKING pc=0x000001e9b01b9114 sp=0x000000aa031f6e50
Event: 4285.130 Thread 0x000001e9c5ad1270 DEOPT UNPACKING pc=0x000001e9afa269a3 sp=0x000000aa031f6e00 mode 2

Classes unloaded (20 events):
Event: 3434.889 Thread 0x000001e9bf603010 Unloading class 0x000000010028f400 'java/lang/invoke/LambdaForm$MH+0x000000010028f400'
Event: 3434.889 Thread 0x000001e9bf603010 Unloading class 0x000000010028f000 'java/lang/invoke/LambdaForm$MH+0x000000010028f000'
Event: 3434.889 Thread 0x000001e9bf603010 Unloading class 0x000000010028ec00 'java/lang/invoke/LambdaForm$MH+0x000000010028ec00'
Event: 3434.889 Thread 0x000001e9bf603010 Unloading class 0x000000010028e800 'java/lang/invoke/LambdaForm$MH+0x000000010028e800'
Event: 3434.889 Thread 0x000001e9bf603010 Unloading class 0x000000010028e400 'java/lang/invoke/LambdaForm$MH+0x000000010028e400'
Event: 3434.889 Thread 0x000001e9bf603010 Unloading class 0x000000010028e000 'java/lang/invoke/LambdaForm$MH+0x000000010028e000'
Event: 3434.889 Thread 0x000001e9bf603010 Unloading class 0x000000010028dc00 'java/lang/invoke/LambdaForm$MH+0x000000010028dc00'
Event: 3434.889 Thread 0x000001e9bf603010 Unloading class 0x000000010028d800 'java/lang/invoke/LambdaForm$MH+0x000000010028d800'
Event: 3434.889 Thread 0x000001e9bf603010 Unloading class 0x000000010028c800 'java/lang/invoke/LambdaForm$MH+0x000000010028c800'
Event: 3434.889 Thread 0x000001e9bf603010 Unloading class 0x000000010028c400 'java/lang/invoke/LambdaForm$BMH+0x000000010028c400'
Event: 3434.889 Thread 0x000001e9bf603010 Unloading class 0x0000000100200400 'java/lang/invoke/LambdaForm$DMH+0x0000000100200400'
Event: 3434.889 Thread 0x000001e9bf603010 Unloading class 0x00000001001bdc00 'java/lang/invoke/LambdaForm$DMH+0x00000001001bdc00'
Event: 3434.889 Thread 0x000001e9bf603010 Unloading class 0x00000001001bd800 'java/lang/invoke/LambdaForm$MH+0x00000001001bd800'
Event: 3434.889 Thread 0x000001e9bf603010 Unloading class 0x00000001001bd400 'java/lang/invoke/LambdaForm$MH+0x00000001001bd400'
Event: 3434.889 Thread 0x000001e9bf603010 Unloading class 0x00000001001bd000 'java/lang/invoke/LambdaForm$MH+0x00000001001bd000'
Event: 3434.889 Thread 0x000001e9bf603010 Unloading class 0x00000001001bcc00 'java/lang/invoke/LambdaForm$MH+0x00000001001bcc00'
Event: 3434.889 Thread 0x000001e9bf603010 Unloading class 0x00000001001bc800 'java/lang/invoke/LambdaForm$MH+0x00000001001bc800'
Event: 3434.889 Thread 0x000001e9bf603010 Unloading class 0x00000001000a6c00 'java/lang/invoke/LambdaForm$MH+0x00000001000a6c00'
Event: 3434.889 Thread 0x000001e9bf603010 Unloading class 0x00000001000a6800 'java/lang/invoke/LambdaForm$MH+0x00000001000a6800'
Event: 3434.889 Thread 0x000001e9bf603010 Unloading class 0x00000001000a4400 'java/lang/invoke/LambdaForm$MH+0x00000001000a4400'

Classes redefined (0 events):
No events

Internal exceptions (20 events):
Event: 3436.047 Thread 0x000001e9c5881df0 Exception <a 'sun/nio/fs/WindowsException'{0x0000000090477ff0}> (0x0000000090477ff0) 
thrown [s\src\hotspot\share\prims\jni.cpp, line 517]
Event: 3436.047 Thread 0x000001e9c5880f80 Exception <a 'sun/nio/fs/WindowsException'{0x000000009030ef50}> (0x000000009030ef50) 
thrown [s\src\hotspot\share\prims\jni.cpp, line 517]
Event: 3436.048 Thread 0x000001e9c58822c0 Exception <a 'sun/nio/fs/WindowsException'{0x00000000903293b8}> (0x00000000903293b8) 
thrown [s\src\hotspot\share\prims\jni.cpp, line 517]
Event: 3436.048 Thread 0x000001e9c58822c0 Exception <a 'sun/nio/fs/WindowsException'{0x00000000903297b8}> (0x00000000903297b8) 
thrown [s\src\hotspot\share\prims\jni.cpp, line 517]
Event: 3436.192 Thread 0x000001e9c587edd0 Exception <a 'java/lang/NoSuchMethodError'{0x000000008fb131f0}: 'long java.lang.invoke.DirectMethodHandle$Holder.invokeStatic(java.lang.Object, java.lang.Object, java.lang.Object)'> (0x000000008fb131f0) 
thrown [s\src\hotspot\share\interpreter\linkResolver.cpp, line 771]
Event: 3436.192 Thread 0x000001e9c5c27ff0 Exception <a 'java/lang/NoSuchMethodError'{0x000000008f391640}: 'long java.lang.invoke.DirectMethodHandle$Holder.invokeStatic(java.lang.Object, java.lang.Object, java.lang.Object)'> (0x000000008f391640) 
thrown [s\src\hotspot\share\interpreter\linkResolver.cpp, line 771]
Event: 3436.193 Thread 0x000001e9c587e900 Exception <a 'java/lang/NoSuchMethodError'{0x00000000901fdbd0}: 'long java.lang.invoke.DirectMethodHandle$Holder.invokeStatic(java.lang.Object, java.lang.Object, java.lang.Object)'> (0x00000000901fdbd0) 
thrown [s\src\hotspot\share\interpreter\linkResolver.cpp, line 771]
Event: 3436.192 Thread 0x000001e9c5881df0 Exception <a 'java/lang/NoSuchMethodError'{0x000000008fb66e98}: 'long java.lang.invoke.DirectMethodHandle$Holder.invokeStatic(java.lang.Object, java.lang.Object, java.lang.Object)'> (0x000000008fb66e98) 
thrown [s\src\hotspot\share\interpreter\linkResolver.cpp, line 771]
Event: 3436.193 Thread 0x000001e9c5881920 Exception <a 'java/lang/NoSuchMethodError'{0x000000008fc847c8}: 'long java.lang.invoke.DirectMethodHandle$Holder.invokeStatic(java.lang.Object, java.lang.Object, java.lang.Object)'> (0x000000008fc847c8) 
thrown [s\src\hotspot\share\interpreter\linkResolver.cpp, line 771]
Event: 3436.193 Thread 0x000001e9c5880f80 Exception <a 'java/lang/NoSuchMethodError'{0x000000008f4f44a0}: 'long java.lang.invoke.DirectMethodHandle$Holder.invokeStatic(java.lang.Object, java.lang.Object, java.lang.Object)'> (0x000000008f4f44a0) 
thrown [s\src\hotspot\share\interpreter\linkResolver.cpp, line 771]
Event: 3436.203 Thread 0x000001e9c5c27ff0 Exception <a 'sun/nio/fs/WindowsException'{0x000000008f3c7510}> (0x000000008f3c7510) 
thrown [s\src\hotspot\share\prims\jni.cpp, line 517]
Event: 3436.208 Thread 0x000001e9c587edd0 Exception <a 'sun/nio/fs/WindowsException'{0x000000008f264cb0}> (0x000000008f264cb0) 
thrown [s\src\hotspot\share\prims\jni.cpp, line 517]
Event: 3436.211 Thread 0x000001e9c587e900 Exception <a 'sun/nio/fs/WindowsException'{0x000000008f1f1328}> (0x000000008f1f1328) 
thrown [s\src\hotspot\share\prims\jni.cpp, line 517]
Event: 3436.215 Thread 0x000001e9c5881df0 Exception <a 'sun/nio/fs/WindowsException'{0x000000008f2cd228}> (0x000000008f2cd228) 
thrown [s\src\hotspot\share\prims\jni.cpp, line 517]
Event: 3436.219 Thread 0x000001e9c5881920 Exception <a 'sun/nio/fs/WindowsException'{0x000000008f0c7910}> (0x000000008f0c7910) 
thrown [s\src\hotspot\share\prims\jni.cpp, line 517]
Event: 3436.490 Thread 0x000001e9c5880f80 Exception <a 'sun/nio/fs/WindowsException'{0x000000008e1d2390}> (0x000000008e1d2390) 
thrown [s\src\hotspot\share\prims\jni.cpp, line 517]
Event: 3436.784 Thread 0x000001e9c9d0b520 Exception <a 'sun/nio/fs/WindowsException'{0x000000008dae13b8}> (0x000000008dae13b8) 
thrown [s\src\hotspot\share\prims\jni.cpp, line 517]
Event: 3436.784 Thread 0x000001e9c9d0b520 Exception <a 'sun/nio/fs/WindowsException'{0x000000008dae17a0}> (0x000000008dae17a0) 
thrown [s\src\hotspot\share\prims\jni.cpp, line 517]
Event: 3436.784 Thread 0x000001e9c9d0b520 Exception <a 'sun/nio/fs/WindowsException'{0x000000008dae3670}> (0x000000008dae3670) 
thrown [s\src\hotspot\share\prims\jni.cpp, line 517]
Event: 3436.795 Thread 0x000001e9c76b4cf0 Exception <a 'sun/nio/fs/WindowsException'{0x000000008d910798}> (0x000000008d910798) 
thrown [s\src\hotspot\share\prims\jni.cpp, line 517]

VM Operations (20 events):
Event: 3593.627 Executing VM operation: Cleanup done
Event: 3603.735 Executing VM operation: Cleanup
Event: 3603.735 Executing VM operation: Cleanup done
Event: 3635.093 Executing VM operation: Cleanup
Event: 3635.093 Executing VM operation: Cleanup done
Event: 3683.436 Executing VM operation: Cleanup
Event: 3683.436 Executing VM operation: Cleanup done
Event: 4098.708 Executing VM operation: Cleanup
Event: 4098.709 Executing VM operation: Cleanup done
Event: 4112.802 Executing VM operation: Cleanup
Event: 4112.802 Executing VM operation: Cleanup done
Event: 4132.966 Executing VM operation: Cleanup
Event: 4132.966 Executing VM operation: Cleanup done
Event: 4170.236 Executing VM operation: Cleanup
Event: 4170.236 Executing VM operation: Cleanup done
Event: 4275.075 Executing VM operation: Cleanup
Event: 4275.075 Executing VM operation: Cleanup done
Event: 4285.153 Executing VM operation: Cleanup
Event: 4285.154 Executing VM operation: Cleanup done
Event: 4285.286 Executing VM operation: G1CollectForAllocation

Events (20 events):
Event: 3616.707 Thread 0x000001e9c2d0a2b0 Thread exited: 0x000001e9c2d0a2b0
Event: 3676.722 Thread 0x000001e9c2d0b5f0 Thread exited: 0x000001e9c2d0b5f0
Event: 3736.724 Thread 0x000001e9ca24e080 Thread exited: 0x000001e9ca24e080
Event: 3796.739 Thread 0x000001e9ca24e550 Thread exited: 0x000001e9ca24e550
Event: 3856.742 Thread 0x000001e9c5ad3420 Thread exited: 0x000001e9c5ad3420
Event: 4284.680 Thread 0x000001e9c7fecd10 Thread added: 0x000001e9c7fecd10
Event: 4284.682 Thread 0x000001e9c39c6030 Thread added: 0x000001e9c39c6030
Event: 4284.704 Thread 0x000001e9c39c4820 Thread added: 0x000001e9c39c4820
Event: 4284.718 Thread 0x000001e9c5ad1270 Thread added: 0x000001e9c5ad1270
Event: 4284.743 Thread 0x000001e9c58a21b0 Thread added: 0x000001e9c58a21b0
Event: 4284.756 Thread 0x000001e9c589cfe0 Thread added: 0x000001e9c589cfe0
Event: 4284.758 Thread 0x000001e9c58a3020 Thread added: 0x000001e9c58a3020
Event: 4284.883 Thread 0x000001e9c589d980 Thread added: 0x000001e9c589d980
Event: 4284.888 Thread 0x000001e9c589de50 Thread added: 0x000001e9c589de50
Event: 4284.889 Thread 0x000001e9cb421ed0 Thread added: 0x000001e9cb421ed0
Event: 4284.898 Thread 0x000001e9c58a34f0 Thread added: 0x000001e9c58a34f0
Event: 4284.903 Thread 0x000001e9c589d4b0 Thread added: 0x000001e9c589d4b0
Event: 4285.057 Thread 0x000001e9c58a04d0 Thread added: 0x000001e9c58a04d0
Event: 4285.128 Thread 0x000001e9c7feb500 Thread added: 0x000001e9c7feb500
Event: 4285.137 Thread 0x000001e9ce8bf570 Thread added: 0x000001e9ce8bf570


Dynamic libraries:
0x00007ff6a7c40000 - 0x00007ff6a7c4a000 	C:\Program Files\Android\Android Studio\jbr\bin\java.exe
0x00007ff9b8df0000 - 0x00007ff9b9004000 	C:\WINDOWS\SYSTEM32\ntdll.dll
0x00007ff9b7020000 - 0x00007ff9b70e3000 	C:\WINDOWS\System32\KERNEL32.DLL
0x00007ff9b6440000 - 0x00007ff9b67dd000 	C:\WINDOWS\System32\KERNELBASE.dll
0x00007ff9b6a50000 - 0x00007ff9b6b61000 	C:\WINDOWS\System32\ucrtbase.dll
0x00007ff942030000 - 0x00007ff94204b000 	C:\Program Files\Android\Android Studio\jbr\bin\VCRUNTIME140.dll
0x00007ff982510000 - 0x00007ff982527000 	C:\Program Files\Android\Android Studio\jbr\bin\jli.dll
0x00007ff9b72f0000 - 0x00007ff9b749d000 	C:\WINDOWS\System32\USER32.dll
0x00007ff99be70000 - 0x00007ff99c0fe000 	C:\WINDOWS\WinSxS\amd64_microsoft.windows.common-controls_6595b64144ccf1df_6.0.22621.608_none_a9444ca7c10bb01d\COMCTL32.dll
0x00007ff9b67e0000 - 0x00007ff9b6806000 	C:\WINDOWS\System32\win32u.dll
0x00007ff9b74b0000 - 0x00007ff9b7557000 	C:\WINDOWS\System32\msvcrt.dll
0x00007ff9b88e0000 - 0x00007ff9b8909000 	C:\WINDOWS\System32\GDI32.dll
0x00007ff9b68b0000 - 0x00007ff9b69c2000 	C:\WINDOWS\System32\gdi32full.dll
0x00007ff9b6810000 - 0x00007ff9b68aa000 	C:\WINDOWS\System32\msvcp_win.dll
0x00007ff9b87f0000 - 0x00007ff9b8822000 	C:\WINDOWS\System32\IMM32.DLL
0x00007ff995050000 - 0x00007ff99505c000 	C:\Program Files\Android\Android Studio\jbr\bin\vcruntime140_1.dll
0x00007ff940650000 - 0x00007ff9406dd000 	C:\Program Files\Android\Android Studio\jbr\bin\msvcp140.dll
0x00007ff94e8c0000 - 0x00007ff94f52e000 	C:\Program Files\Android\Android Studio\jbr\bin\server\jvm.dll
0x00007ff9b70f0000 - 0x00007ff9b719e000 	C:\WINDOWS\System32\ADVAPI32.dll
0x00007ff9b8830000 - 0x00007ff9b88d4000 	C:\WINDOWS\System32\sechost.dll
0x00007ff9b6f00000 - 0x00007ff9b7015000 	C:\WINDOWS\System32\RPCRT4.dll
0x00007ff9b2e70000 - 0x00007ff9b2ea4000 	C:\WINDOWS\SYSTEM32\WINMM.dll
0x00007ff9afd30000 - 0x00007ff9afd39000 	C:\WINDOWS\SYSTEM32\WSOCK32.dll
0x00007ff9af220000 - 0x00007ff9af22a000 	C:\WINDOWS\SYSTEM32\VERSION.dll
0x00007ff9b8770000 - 0x00007ff9b87e1000 	C:\WINDOWS\System32\WS2_32.dll
0x00007ff9b5260000 - 0x00007ff9b5278000 	C:\WINDOWS\SYSTEM32\kernel.appcore.dll
0x00007ff9afd20000 - 0x00007ff9afd2a000 	C:\Program Files\Android\Android Studio\jbr\bin\jimage.dll
0x00007ff9b37a0000 - 0x00007ff9b39ce000 	C:\WINDOWS\SYSTEM32\DBGHELP.DLL
0x00007ff9b8940000 - 0x00007ff9b8cca000 	C:\WINDOWS\System32\combase.dll
0x00007ff9b8cd0000 - 0x00007ff9b8da7000 	C:\WINDOWS\System32\OLEAUT32.dll
0x00007ff99ef90000 - 0x00007ff99efc2000 	C:\WINDOWS\SYSTEM32\dbgcore.DLL
0x00007ff9b69d0000 - 0x00007ff9b6a4b000 	C:\WINDOWS\System32\bcryptPrimitives.dll
0x00007ff9aed10000 - 0x00007ff9aed35000 	C:\Program Files\Android\Android Studio\jbr\bin\java.dll
0x00007ff9ae2f0000 - 0x00007ff9ae308000 	C:\Program Files\Android\Android Studio\jbr\bin\zip.dll
0x00007ff9b7ca0000 - 0x00007ff9b848f000 	C:\WINDOWS\System32\SHELL32.dll
0x00007ff9b4230000 - 0x00007ff9b4af8000 	C:\WINDOWS\SYSTEM32\windows.storage.dll
0x00007ff9b40f0000 - 0x00007ff9b422e000 	C:\WINDOWS\SYSTEM32\wintypes.dll
0x00007ff9b6e00000 - 0x00007ff9b6ef1000 	C:\WINDOWS\System32\SHCORE.dll
0x00007ff9b6be0000 - 0x00007ff9b6c3e000 	C:\WINDOWS\System32\shlwapi.dll
0x00007ff9b6140000 - 0x00007ff9b6161000 	C:\WINDOWS\SYSTEM32\profapi.dll
0x00007ff9ae280000 - 0x00007ff9ae299000 	C:\Program Files\Android\Android Studio\jbr\bin\net.dll
0x00007ff9af0c0000 - 0x00007ff9af1ef000 	C:\WINDOWS\SYSTEM32\WINHTTP.dll
0x00007ff9b56d0000 - 0x00007ff9b5739000 	C:\WINDOWS\system32\mswsock.dll
0x00007ff9ae260000 - 0x00007ff9ae276000 	C:\Program Files\Android\Android Studio\jbr\bin\nio.dll
0x00007ff9afd10000 - 0x00007ff9afd20000 	C:\Program Files\Android\Android Studio\jbr\bin\verify.dll
0x00007ff942050000 - 0x00007ff942077000 	C:\Users\ivano\.gradle\native\68d5fa5c4cc2d200863cafc0d521ce42e7d3e7ee720ec0a83991735586a16f82\windows-amd64\native-platform.dll
0x00007ff93fcc0000 - 0x00007ff93fe04000 	C:\Users\ivano\.gradle\native\e376f236ea51e6404a007f0833ffe2c6e607c4080706a723a18a27aeea778392\windows-amd64\native-platform-file-events.dll
0x00007ff9aed00000 - 0x00007ff9aed09000 	C:\Program Files\Android\Android Studio\jbr\bin\management.dll
0x00007ff9ae3e0000 - 0x00007ff9ae3eb000 	C:\Program Files\Android\Android Studio\jbr\bin\management_ext.dll
0x00007ff9b71a0000 - 0x00007ff9b71a8000 	C:\WINDOWS\System32\PSAPI.DLL
0x00007ff9b5930000 - 0x00007ff9b594b000 	C:\WINDOWS\SYSTEM32\CRYPTSP.dll
0x00007ff9b51d0000 - 0x00007ff9b5205000 	C:\WINDOWS\system32\rsaenh.dll
0x00007ff9b57c0000 - 0x00007ff9b57e8000 	C:\WINDOWS\SYSTEM32\USERENV.dll
0x00007ff9b5ae0000 - 0x00007ff9b5b08000 	C:\WINDOWS\SYSTEM32\bcrypt.dll
0x00007ff9b5920000 - 0x00007ff9b592c000 	C:\WINDOWS\SYSTEM32\CRYPTBASE.dll
0x00007ff9b4d50000 - 0x00007ff9b4d7d000 	C:\WINDOWS\SYSTEM32\IPHLPAPI.DLL
0x00007ff9b8550000 - 0x00007ff9b8559000 	C:\WINDOWS\System32\NSI.dll
0x00007ff9aeec0000 - 0x00007ff9aeed9000 	C:\WINDOWS\SYSTEM32\dhcpcsvc6.DLL
0x00007ff9aecb0000 - 0x00007ff9aeccf000 	C:\WINDOWS\SYSTEM32\dhcpcsvc.DLL
0x00007ff9b4dc0000 - 0x00007ff9b4eb2000 	C:\WINDOWS\SYSTEM32\DNSAPI.dll
0x00007ff9a8d10000 - 0x00007ff9a8d18000 	C:\WINDOWS\system32\wshunix.dll
0x00007ff9b5280000 - 0x00007ff9b52b4000 	C:\WINDOWS\SYSTEM32\ntmarta.dll

dbghelp: loaded successfully - version: 4.0.5 - missing functions: none
symbol engine: initialized successfully - sym options: 0x614 - pdb path: .;C:\Program Files\Android\Android Studio\jbr\bin;C:\WINDOWS\SYSTEM32;C:\WINDOWS\WinSxS\amd64_microsoft.windows.common-controls_6595b64144ccf1df_6.0.22621.608_none_a9444ca7c10bb01d;C:\Program Files\Android\Android Studio\jbr\bin\server;C:\Users\ivano\.gradle\native\68d5fa5c4cc2d200863cafc0d521ce42e7d3e7ee720ec0a83991735586a16f82\windows-amd64;C:\Users\ivano\.gradle\native\e376f236ea51e6404a007f0833ffe2c6e607c4080706a723a18a27aeea778392\windows-amd64

VM Arguments:
jvm_args: --add-opens=java.base/java.util=ALL-UNNAMED --add-opens=java.base/java.lang=ALL-UNNAMED --add-opens=java.base/java.lang.invoke=ALL-UNNAMED --add-opens=java.prefs/java.util.prefs=ALL-UNNAMED --add-opens=java.base/java.nio.charset=ALL-UNNAMED --add-opens=java.base/java.net=ALL-UNNAMED --add-opens=java.base/java.util.concurrent.atomic=ALL-UNNAMED -Xmx2048m -Dfile.encoding=UTF-8 -Duser.country=RU -Duser.language=ru -Duser.variant 
java_command: org.gradle.launcher.daemon.bootstrap.GradleDaemon 8.0
java_class_path (initial): C:\Users\ivano\.gradle\wrapper\dists\gradle-8.0-bin\ca5e32bp14vu59qr306oxotwh\gradle-8.0\lib\gradle-launcher-8.0.jar
Launcher Type: SUN_STANDARD

[Global flags]
     intx CICompilerCount                          = 4                                         {product} {ergonomic}
     uint ConcGCThreads                            = 2                                         {product} {ergonomic}
     uint G1ConcRefinementThreads                  = 8                                         {product} {ergonomic}
   size_t G1HeapRegionSize                         = 1048576                                   {product} {ergonomic}
    uintx GCDrainStackTargetSize                   = 64                                        {product} {ergonomic}
   size_t InitialHeapSize                          = 117440512                                 {product} {ergonomic}
   size_t MarkStackSize                            = 4194304                                   {product} {ergonomic}
   size_t MaxHeapSize                              = 2147483648                                {product} {command line}
   size_t MaxNewSize                               = 1287651328                                {product} {ergonomic}
   size_t MinHeapDeltaBytes                        = 1048576                                   {product} {ergonomic}
   size_t MinHeapSize                              = 8388608                                   {product} {ergonomic}
    uintx NonNMethodCodeHeapSize                   = 5839372                                {pd product} {ergonomic}
    uintx NonProfiledCodeHeapSize                  = 122909434                              {pd product} {ergonomic}
    uintx ProfiledCodeHeapSize                     = 122909434                              {pd product} {ergonomic}
    uintx ReservedCodeCacheSize                    = 251658240                              {pd product} {ergonomic}
     bool SegmentedCodeCache                       = true                                      {product} {ergonomic}
   size_t SoftMaxHeapSize                          = 2147483648                             {manageable} {ergonomic}
     bool UseCompressedClassPointers               = true                           {product lp64_product} {ergonomic}
     bool UseCompressedOops                        = true                           {product lp64_product} {ergonomic}
     bool UseG1GC                                  = true                                      {product} {ergonomic}
     bool UseLargePagesIndividualAllocation        = false                                  {pd product} {ergonomic}

Logging:
Log output configuration:
 #0: stdout all=warning uptime,level,tags
 #1: stderr all=off uptime,level,tags

Environment Variables:
PATH=C:\Program Files (x86)\Embarcadero\Studio\21.0\bin;C:\Users\Public\Documents\Embarcadero\Studio\21.0\Bpl;C:\Program Files (x86)\Embarcadero\Studio\21.0\bin64;C:\Users\Public\Documents\Embarcadero\Studio\21.0\Bpl\Win64;C:\Inprise\vbroker\bin;C:\Program Files\Common Files\Oracle\Java\javapath;C:\Program Files (x86)\Common Files\Oracle\Java\javapath;C:\WINDOWS\system32;C:\WINDOWS;C:\WINDOWS\System32\Wbem;C:\WINDOWS\System32\WindowsPowerShell\v1.0\;C:\WINDOWS\System32\OpenSSH\;C:\Program Files (x86)\Windows Kits\10\Windows Performance Toolkit\;C:\Program Files\Azure Data Studio\bin;C:\Program Files\Microsoft SQL Server\Client SDK\ODBC\170\Tools\Binn\;D:\v90\runtime\win32;C:\Program Files\Git\cmd;C:\Users\ivano\AppData\Local\Microsoft\WindowsApps;C:\Program Files\Azure Data Studio\bin
USERNAME=ivano
OS=Windows_NT
PROCESSOR_IDENTIFIER=AMD64 Family 23 Model 24 Stepping 1, AuthenticAMD
TMP=C:\Users\ivano\AppData\Local\Temp
TEMP=C:\Users\ivano\AppData\Local\Temp


JNI global refs:
JNI global refs: 29, weak refs: 5

JNI global refs memory usage: 843, weak refs: 841


---------------  S Y S T E M  ---------------

OS:
 Windows 11 , 64 bit Build 22621 (10.0.22621.1105)
OS uptime: 0 days 1:22 hours

CPU: total 8 (initial active 8) (8 cores per cpu, 2 threads per core) family 23 model 24 stepping 1 microcode 0x0, cx8, cmov, fxsr, ht, mmx, 3dnowpref, sse, sse2, sse3, ssse3, sse4a, sse4.1, sse4.2, popcnt, lzcnt, tsc, tscinvbit, avx, avx2, aes, clmul, bmi1, bmi2, adx, sha, fma, vzeroupper, clflush, clflushopt

Memory: 4k page, system-wide physical 7103M (619M free)
TotalPageFile size 9711M (AvailPageFile size 26M)
current process WorkingSet (physical memory assigned to process): 456M, peak: 612M
current process commit charge ("private bytes"): 676M, peak: 857M

vm_info: OpenJDK 64-Bit Server VM (17.0.6+0-b2043.56-10027231) for windows-amd64 JRE (17.0.6+0-b2043.56-10027231), built on Apr 28 2023 00:43:19 by "androidbuild" with MS VC++ 16.10 / 16.11 (VS2019)

END.
